C51 COMPILER V9.52.0.0   TIMER01_M0                                                        08/23/2016 10:24:18 PAGE 1   


C51 COMPILER V9.52.0.0, COMPILATION OF MODULE TIMER01_M0
OBJECT MODULE PLACED IN .\Output\Timer01_M0.obj
COMPILER INVOKED BY: C:\Keil\C51\BIN\C51.EXE Code\Timer01_M0.c BROWSE INCDIR(..\..\Include) DEFINE(FOSC_160000) DEBUG OB
                    -JECTEXTEND PRINT(.\LST\Timer01_M0.lst) TABS(2) OBJECT(.\Output\Timer01_M0.obj)

line level    source

   1          /*--------------------------------------------------------------------------------------------------------
             --*/
   2          /*                                                                                                        
             - */
   3          /* Copyright(c) 2016 Nuvoton Technology Corp. All rights reserved.                                        
             - */
   4          /*                                                                                                        
             - */
   5          /*--------------------------------------------------------------------------------------------------------
             --*/
   6          
   7          //********************************************************************************************************
             -***
   8          //  Nuvoton Technoledge Corp. 
   9          //  Website: http://www.nuvoton.com
  10          //  E-Mail : MicroC-8bit@nuvoton.com
  11          //  Date   : Apr/21/2016
  12          //********************************************************************************************************
             -***
  13          
  14          //********************************************************************************************************
             -***
  15          //  File Function: N76E003 Timer0/1 Mode0 demo code
  16          //********************************************************************************************************
             -***
  17          
  18          #include <stdio.h>
  19          #include "N76E003.h"
  20          #include "Define.h"
  21          #include "Common.h"
  22          #include "Delay.h"
  23          #include "SFR_Macro.h"
  24          #include "Function_define.h"
  25          
  26          //*****************  The Following is in define in Fucntion_define.h  ***************************
  27          //****** Always include Function_define.h call the define you want, detail see main(void) *******
  28          //***********************************************************************************************
  29          #if 0
              //#define   TIMER0_MODE0_ENABLE   TMOD&=0x0F
              //#define   TIMER0_MODE1_ENABLE   TMOD&=0x0F;TMOD|=0x10
              //#define   TIMER0_MODE2_ENABLE   TMOD&=0x0F;TMOD|=0x20
              //#define   TIMER0_MODE3_ENABLE   TMOD&=0x0F;TMOD|=0x3F
              
              //#define   TIMER1_MODE0_ENABLE   TMOD&=0xF0
              //#define   TIMER1_MODE1_ENABLE   TMOD&=0xF0;TMOD|=0x01
              //#define   TIMER1_MODE2_ENABLE   TMOD&=0xF0;TMOD|=0x02
              //#define   TIMER1_MODE3_ENABLE   TMOD&=0xF0;TMOD|=0xF3
              #endif
  40          
  41          #define TH0_INIT        0x00 //5.0ms@XTAL=12MHz, Period = (10.85/2) ms@XTAL=22.1184MHz
  42          #define TL0_INIT        0x80
  43          #define TH1_INIT        0x00 //2.5ms@XTAL=12MHz, Period = (5.425/2) ms@XTAL=22.1184MHz
  44          #define TL1_INIT        0xff
  45          
C51 COMPILER V9.52.0.0   TIMER01_M0                                                        08/23/2016 10:24:18 PAGE 2   

  46          
  47          /*********************************************************************************************************
             -***
  48          *    TIMER 0 interrupt subroutine
  49          **********************************************************************************************************
             -**/
  50          void Timer0_ISR (void) interrupt 1          //interrupt address is 0x000B
  51          {
  52   1          TH0 = TH0_INIT;
  53   1          TL0 = TL0_INIT;    
  54   1          P12 = ~P12;                             // GPIO toggle when interrupt
  55   1      }
  56          /*********************************************************************************************************
             -***
  57          *    TIMER 1 interrupt subroutine
  58          **********************************************************************************************************
             -**/
  59          void Timer1_ISR (void) interrupt 3          //interrupt address is 0x001B
  60          {
  61   1          TH1 = TH1_INIT;
  62   1          TL1 = TL1_INIT;   
  63   1          P03 = ~P03;                             // GPIO toggle when interrupt
  64   1      }
  65          /*********************************************************************************************************
             -***
  66          *    Main function 
  67          **********************************************************************************************************
             -**/
  68          void main (void)
  69          {
  70   1        TMOD = 0XFF;
  71   1        Set_All_GPIO_Quasi_Mode;
  72   1        TIMER0_MODE0_ENABLE;                        //Timer 0 and Timer 1 mode configuration
  73   1        TIMER1_MODE0_ENABLE;
  74   1          
  75   1        clr_T0M;
  76   1        clr_T1M;
  77   1          
  78   1        TH0 = TH0_INIT;
  79   1        TL0 = TL0_INIT;
  80   1        TH1 = TH1_INIT;
  81   1        TL1 = TL1_INIT;
  82   1          
  83   1        set_ET0;                                    //enable Timer0 interrupt
  84   1        set_ET1;                                    //enable Timer1 interrupt
  85   1        set_EA;                                     //enable interrupts
  86   1        
  87   1        set_TR0;                                    //Timer0 run
  88   1        set_TR1;                                    //Timer1 run
  89   1      
  90   1        while(1);
  91   1      }
  92          


MODULE INFORMATION:   STATIC OVERLAYABLE
   CODE SIZE        =     68    ----
   CONSTANT SIZE    =   ----    ----
   XDATA SIZE       =   ----    ----
   PDATA SIZE       =   ----    ----
   DATA SIZE        =   ----    ----
   IDATA SIZE       =   ----    ----
C51 COMPILER V9.52.0.0   TIMER01_M0                                                        08/23/2016 10:24:18 PAGE 3   

   BIT SIZE         =   ----    ----
END OF MODULE INFORMATION.


C51 COMPILATION COMPLETE.  0 WARNING(S),  0 ERROR(S)
