C51 COMPILER V9.00   I2C_EEPROM                                                            03/03/2017 13:37:55 PAGE 1   


C51 COMPILER V9.00, COMPILATION OF MODULE I2C_EEPROM
OBJECT MODULE PLACED IN .\Objects\I2C_EEPROM.obj
COMPILER INVOKED BY: C:\Keil_v5\C51\BIN\C51.EXE common\I2C_EEPROM.c OPTIMIZE(8,SPEED) BROWSE INCDIR(.\include) DEFINE(FO
                    -SC_160000) DEBUG OBJECTEXTEND PRINT(.\Listings\I2C_EEPROM.lst) TABS(2) OBJECT(.\Objects\I2C_EEPROM.obj)

line level    source

   1          #include <stdio.h>
   2          #include "N76E003.h"
   3          #include "Define.h"
   4          #include "Common.h"
   5          #include "Delay.h"
   6          #include "SFR_Macro.h"
   7          #include "Function_define.h"


MODULE INFORMATION:   STATIC OVERLAYABLE
   CODE SIZE        =   ----    ----
   CONSTANT SIZE    =   ----    ----
   XDATA SIZE       =   ----    ----
   PDATA SIZE       =   ----    ----
   DATA SIZE        =   ----    ----
   IDATA SIZE       =   ----    ----
   BIT SIZE         =   ----    ----
END OF MODULE INFORMATION.


C51 COMPILATION COMPLETE.  0 WARNING(S),  0 ERROR(S)
