C51 COMPILER V9.00   BL_291_16_04_16                                                       03/16/2017 10:38:41 PAGE 1   


C51 COMPILER V9.00, COMPILATION OF MODULE BL_291_16_04_16
OBJECT MODULE PLACED IN .\Output\bl-291-16.04.16.obj
COMPILER INVOKED BY: C:\Keil_v5\C51\BIN\C51.EXE Code\bl-291-16.04.16.c OPTIMIZE(8,SPEED) BROWSE INCDIR(..\..\..\Common;.
                    -.\..\..\Include) DEFINE(FOSC_160000) DEBUG OBJECTEXTEND PRINT(.\LST\bl-291-16.04.16.lst) TABS(2) OBJECT(.\Output\bl-291-
                    -16.04.16.obj)

line level    source

   1          
   2          //const unsigned char g_abMaxxDSPCommands[] =
   3           unsigned char code g_abMaxxDSPCommands[] = 
   4          {
   5              0x00, 0xa5, 0x00, /* Command DETECT                             */
   6              0x00, 0xa5, 0x00, /* Command DETECT                             */
   7          
   8              /* System Configuration Begin */
   9              0x00, 0xc3, 0x00, /* Command SAMPLE, Value = 48 kHz             */
  10              0x00, 0xa4, 0x11, /* Command ANALOG_SETTING                     */
  11              0x00, 0x00, 0x00, /*                                            */
  12              0x00, 0x00, 0x00, /*                                            */
  13              0x00, 0x00, 0x00, /*                                            */
  14              0x10, 0x1d, 0x3f, /*                                            */
  15              0x00, 0x00, 0x00, /*                                            */
  16              0x00, 0x00, 0x6a, /*                                            */
  17              0x00, 0x00, 0x00, /*                                            */
  18              0x00, 0x00, 0x00, /*                                            */
  19              0x00, 0x00, 0x00, /*                                            */
  20              0x00, 0x00, 0x00, /*                                            */
  21              0x7f, 0xff, 0xff, /*                                            */
  22              0x00, 0x03, 0x66, /*                                            */
  23              0x00, 0x03, 0x56, /*                                            */
  24              0x00, 0x03, 0xde, /*                                            */
  25              0x00, 0x00, 0x00, /*                                            */
  26              0x00, 0x00, 0x00, /*                                            */
  27              0x43, 0x2c, 0xe3, /*                                            */
  28              0x00, 0xc8, 0x00, /* Command UPD_ANALOG                         */
  29              0xbf, 0xc4, 0xd5, /* Command DIG_IO_CONFIG, Value = 0000d5      */
  30              0xff, 0xab, 0xfb, 
  31              0x24, 0x10, 0x09, /*                                            */
  32              0xff, 0xab, 0xfa, 
  33              0x08, 0x00, 0x09, /*                                            */
  34              0xff, 0xab, 0xfa, 
  35              0x00, 0x00, 0x09, /*                                            */
  36              0xff, 0xab, 0xfb, 
  37              0xa4, 0x18, 0x29, /*                                            */
  38              0xff, 0xad, 0x84, 
  39              0x00, 0x00, 0x18, /*                                            */
  40              0xff, 0xad, 0x85, 
  41              0x00, 0x1f, 0xff, /*                                            */
  42              0xff, 0xad, 0x81, 
  43              0x00, 0x12, 0x12, /*                                            */
  44              0xff, 0xad, 0x82, 
  45              0x00, 0x14, 0x14, /*                                            */
  46              0xff, 0xad, 0x83, 
  47              0x00, 0x00, 0x99, /*                                            */
  48              0xff, 0xad, 0x80, 
  49              0x00, 0x54, 0x54, /*                                            */
  50              0xff, 0xad, 0x87, 
  51              0x00, 0x54, 0x54, /*                                            */
  52              0xff, 0xad, 0x86, 
  53              0x00, 0x00, 0x00, /*                                            */
C51 COMPILER V9.00   BL_291_16_04_16                                                       03/16/2017 10:38:41 PAGE 2   

  54              0xff, 0xad, 0x86, 
  55              0x00, 0x00, 0x01, /*                                            */
  56              0xff, 0xad, 0x86, 
  57              0x00, 0x00, 0x00, /*                                            */
  58              0x00, 0xc2, 0x00, /* Command SPEAKER, Value = 2.0               */
  59              /* System Configuration End */
  60          
  61              /* Algorithms Configuration Begin */
  62              0x00, 0xc9, 0x79, /* Command BALANCE, Value = 0                 */
  63              0x00, 0xdf, 0x14, /* Command LEVELER_TARGET, Value = -4.0       */
  64              0x00, 0xdb, 0x3c, /* Command LEVELER_RANGE, Value = -12.0       */
  65              0x00, 0xdb, 0x3c, /* Command LEVELER_RANGE, Value = -12.0       */
  66              0x00, 0xc7, 0x00, /* Command MUTE, Value = Out                  */
  67              0x00, 0xe0, 0x0a, /* Command MUTE, Value = 10                   */
  68              0x00, 0xd5, 0x60, /* Command MAXX_BASS_FREQUENCY, Value = 79.8  */
  69              0x00, 0xe3, 0x43, /* Command MAXX_BASS_HP_FREQUENCY, Value = 35 */
  70              0x00, 0xcf, 0x04, /* Command Internal                           */
  71              0x00, 0xe1, 0x70, /* Command MAXX_BASS_NG_THRESHOLD, Value = -100 */
  72              0x00, 0xcb, 0x00, /* Command MAXX_BASS_ORIGINAL_BASS, Value = Off */
  73              0x00, 0xe2, 0x2f, /* Command MAXX_BASS_NG_GAP, Value = -47      */
  74              0x00, 0xd9, 0x5b, /* Command MAXX_TREBLE_FREQUENCY, Value = 6998.8 */
  75              0x00, 0xe5, 0x2f, /* Command MAXX_TREBLE_NG_GAP, Value = -47    */
  76              0x00, 0xe4, 0x70, /* Command MAXX_TREBLE_NG_THRESHOLD, Value = -100 */
  77              0x00, 0xd7, 0x30, /* Command SUB_FREQ, Value = 20.0             */
  78              0x01, 0xd0, 0x91, /* Command MAXX_VOLUME_SLIDER                 */
  79              0x00, 0xc6, 0x01, /* Command LEVELER_ON_OFF                     */
  80              0x00, 0xdd, 0x01, /* Command HARD_KNEE                          */
  81              0x00, 0xd4, 0x15, /* Command VOLUME_DYN_RANGE                   */
  82              0x00, 0xda, 0x06, /* Command VOLUME_LOW_GAIN                    */
  83              0x00, 0xdc, 0x10, /* Command VOLUME_GATE                        */
  84              0x00, 0xa1, 0x05, /* Command SET_PEQ                            */
  85              0x00, 0x00, 0x00, /*                                            */
  86              0x00, 0x00, 0x01, /*                                            */
  87              0x00, 0x00, 0x15, /*                                            */
  88              0x00, 0x00, 0x17, /*                                            */
  89              0x00, 0x00, 0x1f, /*                                            */
  90              0x00, 0xd8, 0x00, /* Command UPD_PEQ                            */
  91              0x00, 0xa1, 0x05, /* Command SET_PEQ                            */
  92              0x00, 0x00, 0x01, /*                                            */
  93              0x00, 0x00, 0x00, /*                                            */
  94              0x00, 0x00, 0x12, /*                                            */
  95              0x00, 0x00, 0x68, /*                                            */
  96              0x00, 0x00, 0x53, /*                                            */
  97              0x00, 0xd8, 0x00, /* Command UPD_PEQ                            */
  98              0x00, 0xa1, 0x05, /* Command SET_PEQ                            */
  99              0x00, 0x00, 0x02, /*                                            */
 100              0x00, 0x00, 0x00, /*                                            */
 101              0x00, 0x00, 0x1f, /*                                            */
 102              0x00, 0x00, 0x7f, /*                                            */
 103              0x00, 0x00, 0x21, /*                                            */
 104              0x00, 0xd8, 0x00, /* Command UPD_PEQ                            */
 105              0x00, 0xa1, 0x05, /* Command SET_PEQ                            */
 106              0x00, 0x00, 0x03, /*                                            */
 107              0x00, 0x00, 0x00, /*                                            */
 108              0x00, 0x00, 0x26, /*                                            */
 109              0x00, 0x00, 0x1d, /*                                            */
 110              0x00, 0x00, 0x48, /*                                            */
 111              0x00, 0xd8, 0x00, /* Command UPD_PEQ                            */
 112              0x00, 0xa1, 0x05, /* Command SET_PEQ                            */
 113              0x00, 0x00, 0x04, /*                                            */
 114              0x00, 0x00, 0x00, /*                                            */
 115              0x00, 0x00, 0x35, /*                                            */
C51 COMPILER V9.00   BL_291_16_04_16                                                       03/16/2017 10:38:41 PAGE 3   

 116              0x00, 0x00, 0x2b, /*                                            */
 117              0x00, 0x00, 0x48, /*                                            */
 118              0x00, 0xd8, 0x00, /* Command UPD_PEQ                            */
 119              0x00, 0xa1, 0x05, /* Command SET_PEQ                            */
 120              0x00, 0x00, 0x05, /*                                            */
 121              0x00, 0x00, 0x00, /*                                            */
 122              0x00, 0x00, 0x43, /*                                            */
 123              0x00, 0x00, 0x33, /*                                            */
 124              0x00, 0x00, 0x44, /*                                            */
 125              0x00, 0xd8, 0x00, /* Command UPD_PEQ                            */
 126              0x00, 0xa1, 0x05, /* Command SET_PEQ                            */
 127              0x00, 0x00, 0x06, /*                                            */
 128              0x00, 0x00, 0x00, /*                                            */
 129              0x00, 0x00, 0x3c, /*                                            */
 130              0x00, 0x00, 0x3a, /*                                            */
 131              0x00, 0x00, 0x3f, /*                                            */
 132              0x00, 0xd8, 0x00, /* Command UPD_PEQ                            */
 133              0x00, 0xa1, 0x05, /* Command SET_PEQ                            */
 134              0x00, 0x00, 0x07, /*                                            */
 135              0x00, 0x00, 0x00, /*                                            */
 136              0x00, 0x00, 0x63, /*                                            */
 137              0x00, 0x00, 0x0d, /*                                            */
 138              0x00, 0x00, 0x3a, /*                                            */
 139              0x00, 0xd8, 0x00, /* Command UPD_PEQ                            */
 140              0x00, 0xa1, 0x05, /* Command SET_PEQ                            */
 141              0x00, 0x00, 0x08, /*                                            */
 142              0x00, 0x00, 0x00, /*                                            */
 143              0x00, 0x00, 0x73, /*                                            */
 144              0x00, 0x00, 0x28, /*                                            */
 145              0x00, 0x00, 0x54, /*                                            */
 146              0x00, 0xd8, 0x00, /* Command UPD_PEQ                            */
 147              0x00, 0xa1, 0x05, /* Command SET_PEQ                            */
 148              0x00, 0x00, 0x09, /*                                            */
 149              0x00, 0x00, 0x00, /*                                            */
 150              0x00, 0x00, 0x79, /*                                            */
 151              0x00, 0x00, 0x02, /*                                            */
 152              0x00, 0x00, 0x66, /*                                            */
 153              0x00, 0xd8, 0x00, /* Command UPD_PEQ                            */
 154              0x00, 0xcf, 0x01, /*                                            */
 155              0x00, 0xd1, 0x00, /*                                            */
 156              0x00, 0xd1, 0x09, /*                                            */
 157              0x00, 0xd1, 0x12, /*                                            */
 158              0x00, 0xd1, 0x1b, /*                                            */
 159              0x00, 0xd1, 0x24, /*                                            */
 160              0x00, 0xd1, 0x2d, /*                                            */
 161              0x00, 0xd1, 0x36, /*                                            */
 162              0x00, 0xd1, 0x3f, /*                                            */
 163              0x00, 0xd1, 0x48, /*                                            */
 164              0x00, 0xd1, 0x4c, /*                                            */
 165              0x00, 0xd1, 0x16, /* Command MAXX_BASS_INTENSITY                */
 166              0x00, 0xcf, 0x04, /* Command Internal                           */
 167              0x00, 0xd2, 0x48, /* Command MAXX_TREBLE_INTENSITY              */
 168              0x00, 0xcf, 0x04, /* Command Internal                           */
 169              0x00, 0xcf, 0x04, /* Command Internal                           */
 170              0x00, 0xe8, 0x56, 
 171              0x00, 0xe9, 0x55, 
 172              0x00, 0xcf, 0x04, /* Command Internal                           */
 173          
 174              /* Patch Begin */
 175              0xff, 0xab, 0xf3, /*                                            */
 176              0x00, 0x00, 0xc1, /*                                            */
 177              0xff, 0xab, 0xf4, /*                                            */
C51 COMPILER V9.00   BL_291_16_04_16                                                       03/16/2017 10:38:41 PAGE 4   

 178              0x00, 0x00, 0x01, /*                                            */
 179              0xff, 0xab, 0xf5, /*                                            */
 180              0x30, 0x1a, 0x48, /*                                            */
 181              0xff, 0xab, 0xf6, /*                                            */
 182              0x20, 0xee, 0x7d, /*                                            */
 183              0xff, 0xab, 0xf7, /*                                            */
 184              0x02, 0x90, 0x78, /*                                            */
 185              0xff, 0xab, 0xf4, /*                                            */
 186              0x00, 0x00, 0x02, /*                                            */
 187              0xff, 0xab, 0xf5, /*                                            */
 188              0x10, 0x1a, 0x4a, /*                                            */
 189              0xff, 0xab, 0xf6, /*                                            */
 190              0x21, 0xe6, 0x00, /*                                            */
 191              0x06, 0xaa, 0x06, /*                                            */
 192              0x00, 0xa2, 0x7b, /*                                            */
 193              0x61, 0xf4, 0x00, /*                                            */
 194              0x00, 0x00, 0x90, /*                                            */
 195              0x61, 0x70, 0x00, /*                                            */
 196              0x00, 0x02, 0x47, /*                                            */
 197              0x3c, 0x0a, 0x00, /*                                            */
 198              0x38, 0x0a, 0x00, /*                                            */
 199              0x64, 0xf4, 0x00, /*                                            */
 200              0x00, 0x01, 0x34, /*                                            */
 201              0x60, 0xf4, 0x00, /*                                            */
 202              0x00, 0x01, 0xda, /*                                            */
 203              0x05, 0xf4, 0x20, /*                                            */
 204              0xff, 0xff, 0xff, /*                                            */
 205              0x04, 0x64, 0xa0, /*                                            */
 206              0x20, 0x4c, 0x00, /*                                            */
 207              0x20, 0x48, 0x00, /*                                            */
 208              0x44, 0xb8, 0x00, /*                                            */
 209              0x0c, 0xc4, 0xa0, /*                                            */
 210              0x00, 0x00, 0x16, /*                                            */
 211              0x57, 0xf4, 0x00, /*                                            */
 212              0x7f, 0xf7, 0x05, /*                                            */
 213              0x5f, 0x5c, 0x00, /*                                            */
 214              0x5f, 0x58, 0x00, /*                                            */
 215              0x57, 0xf4, 0x00, /*                                            */
 216              0x7f, 0xff, 0x38, /*                                            */
 217              0x5f, 0x5c, 0x00, /*                                            */
 218              0x5f, 0x58, 0x00, /*                                            */
 219              0x20, 0x5c, 0x00, /*                                            */
 220              0x20, 0x58, 0x00, /*                                            */
 221              0x57, 0xf4, 0x00, /*                                            */
 222              0x7f, 0xff, 0xbc, /*                                            */
 223              0x5f, 0x5c, 0x00, /*                                            */
 224              0x5f, 0x58, 0x00, /*                                            */
 225              0x57, 0xf4, 0x00, /*                                            */
 226              0x7f, 0xc7, 0x29, /*                                            */
 227              0x5f, 0x5c, 0x00, /*                                            */
 228              0x5f, 0x58, 0x00, /*                                            */
 229              0x0a, 0xf0, 0x80, /*                                            */
 230              0x00, 0x00, 0x78, /*                                            */
 231              0x57, 0xf4, 0x00, /*                                            */
 232              0x7f, 0xf6, 0x3a, /*                                            */
 233              0x5f, 0x5c, 0x00, /*                                            */
 234              0x5f, 0x58, 0x00, /*                                            */
 235              0x57, 0xf4, 0x00, /*                                            */
 236              0x7f, 0xff, 0x27, /*                                            */
 237              0x5f, 0x5c, 0x00, /*                                            */
 238              0x5f, 0x58, 0x00, /*                                            */
 239              0x20, 0x5c, 0x00, /*                                            */
C51 COMPILER V9.00   BL_291_16_04_16                                                       03/16/2017 10:38:41 PAGE 5   

 240              0x20, 0x58, 0x00, /*                                            */
 241              0x57, 0xf4, 0x00, /*                                            */
 242              0x7f, 0xff, 0xb6, /*                                            */
 243              0x5f, 0x5c, 0x00, /*                                            */
 244              0x5f, 0x58, 0x00, /*                                            */
 245              0x57, 0xf4, 0x00, /*                                            */
 246              0x7f, 0xc2, 0x23, /*                                            */
 247              0x5f, 0x5c, 0x00, /*                                            */
 248              0x5f, 0x58, 0x00, /*                                            */
 249              0x54, 0xf0, 0x00, /*                                            */
 250              0xff, 0xff, 0xf1, /*                                            */
 251              0x0c, 0x1e, 0xe2, /*                                            */
 252              0x01, 0x40, 0xc6, /*                                            */
 253              0x00, 0x00, 0x07, /*                                            */
 254              0x01, 0x40, 0xc5, /*                                            */
 255              0x00, 0x00, 0x01, /*                                            */
 256              0x0a, 0xf0, 0xa2, /*                                            */
 257              0x00, 0x00, 0x89, /*                                            */
 258              0x61, 0xf4, 0x00, /*                                            */
 259              0x00, 0xcd, 0xac, /*                                            */
 260              0x61, 0x70, 0x00, /*                                            */
 261              0x00, 0x02, 0x14, /*                                            */
 262              0x61, 0xf4, 0x00, /*                                            */
 263              0x00, 0xc8, 0x32, /*                                            */
 264              0x61, 0x70, 0x00, /*                                            */
 265              0x00, 0x01, 0xff, /*                                            */
 266              0x60, 0xf4, 0x00, /*                                            */
 267              0x00, 0x00, 0x98, /*                                            */
 268              0x60, 0x70, 0x00, /*                                            */
 269              0x00, 0x01, 0xf8, /*                                            */
 270              0x0b, 0xf0, 0x80, /*                                            */
 271              0x00, 0x00, 0x98, /*                                            */
 272              0x00, 0x00, 0x0c, /*                                            */
 273              0x0b, 0xf0, 0x80, /*                                            */
 274              0x00, 0xd3, 0x68, /*                                            */
 275              0x46, 0xf4, 0x00, /*                                            */
 276              0x4d, 0xf8, 0xf0, /*                                            */
 277              0x74, 0xf4, 0x00, /*                                            */
 278              0x00, 0x00, 0x1e, /*                                            */
 279              0x4e, 0x6c, 0x00, /*                                            */
 280              0x00, 0x00, 0x0c, /*                                            */
 281              0x55, 0xbe, 0x00, /*                                            */
 282              0x01, 0x40, 0xce, /*                                            */
 283              0xff, 0xff, 0x3f, /*                                            */
 284              0x30, 0xff, 0x00, /*                                            */
 285              0x04, 0xcd, 0xcd, /*                                            */
 286              0x20, 0x00, 0x1b, /*                                            */
 287              0x22, 0x09, 0x00, /*                                            */
 288              0x00, 0x00, 0x0b, /*                                            */
 289              0x0d, 0x10, 0x4a, /*                                            */
 290              0x00, 0x00, 0x0a, /*                                            */
 291              0x0a, 0x9d, 0xa1, /*                                            */
 292              0x00, 0x00, 0x9f, /*                                            */
 293              0x22, 0x09, 0x00, /*                                            */
 294              0x00, 0x00, 0x0b, /*                                            */
 295              0x0d, 0x10, 0x4a, /*                                            */
 296              0x00, 0x00, 0x04, /*                                            */
 297              0x0a, 0x9d, 0x81, /*                                            */
 298              0x00, 0x00, 0xa5, /*                                            */
 299              0x08, 0x45, 0x1a, /*                                            */
 300              0x56, 0xf4, 0x00, /*                                            */
 301              0x00, 0x03, 0xff, /*                                            */
C51 COMPILER V9.00   BL_291_16_04_16                                                       03/16/2017 10:38:41 PAGE 6   

 302              0x20, 0x00, 0x62, /*                                            */
 303              0x08, 0xcc, 0x1a, /*                                            */
 304              0x07, 0xf0, 0x2d, /*                                            */
 305              0x00, 0x00, 0x3e, /*                                            */
 306              0x57, 0xf0, 0x00, /*                                            */
 307              0x00, 0x02, 0xac, /*                                            */
 308              0x45, 0xf4, 0x00, /*                                            */
 309              0x00, 0x00, 0x02, /*                                            */
 310              0x45, 0xf4, 0x6a, /*                                            */
 311              0xff, 0x0f, 0xff, /*                                            */
 312              0x20, 0x00, 0x6e, /*                                            */
 313              0x55, 0x70, 0x00, /*                                            */
 314              0x00, 0x02, 0xac, /*                                            */
 315              0x00, 0x00, 0x0c, /*                                            */
 316              /* Patch End */
 317          
 318              0x00, 0xac, 0x00, /* Command COMLET_SETTING                     */
 319              0x00, 0x85, 0x00, /* Command Internal                           */
 320          };


MODULE INFORMATION:   STATIC OVERLAYABLE
   CODE SIZE        =   ----    ----
   CONSTANT SIZE    =    918    ----
   XDATA SIZE       =   ----    ----
   PDATA SIZE       =   ----    ----
   DATA SIZE        =   ----    ----
   IDATA SIZE       =   ----    ----
   BIT SIZE         =   ----    ----
END OF MODULE INFORMATION.


C51 COMPILATION COMPLETE.  0 WARNING(S),  0 ERROR(S)
