Drill Listing
=============
Drill: .016  Tool: 1  Feed: 95  Speed: 300
X 120000  Y 140000
X 130000  Y 150000
X 110000  Y 150000
X 120000  Y 160000
X 110000  Y 170000
X 132400  Y 178000
X 120000  Y 180000
X 130000  Y 190000
X 110000  Y 190000
X 120000  Y 200000
X 110800  Y 208000
X 110000  Y 220000
X 120000  Y 230000
X 130000  Y 240000
X 110000  Y 240000
X 120000  Y 250000
X 130000  Y 260000
X 110000  Y 260000
X 120000  Y 270000
X 110000  Y 280000
X 130000  Y 280000
X 120000  Y 290000
X 130000  Y 300000
X 110000  Y 300000
X 120000  Y 310000
X 110000  Y 320000
X 130000  Y 320000
X 120000  Y 330000
X 130000  Y 340000
X 110000  Y 340000
X 120000  Y 350000
X 110000  Y 360000
X 130000  Y 360000
X 120000  Y 370000
X 130000  Y 380000
X 110000  Y 380000
X 120000  Y 390000
X 130000  Y 435000
X 120000  Y 440000
X 130000  Y 450000
X 110000  Y 450000
X 120000  Y 460000
X 110000  Y 470000
X 130000  Y 470000
X 120000  Y 480000
X 110000  Y 490000
X 130000  Y 490000
X 120000  Y 500000
X 130000  Y 510000
X 110000  Y 510000
X 120000  Y 520000
X 110000  Y 530000
X 130000  Y 530000
X 120000  Y 540000
X 130000  Y 550000
X 110000  Y 550000
X 120000  Y 560000
X 110000  Y 570000
X 130000  Y 570000
X 120000  Y 580000
X 130000  Y 590000
X 110000  Y 590000
X 120000  Y 600000
X 130000  Y 610000
X 109600  Y 610000
X 150000  Y 630000
X 140000  Y 620000
X 150000  Y 610000
X 140000  Y 600000
X 150000  Y 590000
X 140000  Y 580000
X 150000  Y 570000
X 140000  Y 560000
X 150000  Y 550000
X 140000  Y 540000
X 150000  Y 530000
X 140000  Y 520000
X 150000  Y 510000
X 140000  Y 500000
X 150000  Y 490000
X 140000  Y 480000
X 150000  Y 470000
X 140000  Y 460000
X 155000  Y 445000
X 140000  Y 440000
X 150000  Y 430000
X 140000  Y 420000
X 157000  Y 403000
X 135000  Y 395000
X 144000  Y 389000
X 140000  Y 370000
X 142300  Y 359800
X 140000  Y 350000
X 153200  Y 347800
X 150000  Y 340000
X 140000  Y 330000
X 151500  Y 317000
X 140000  Y 310000
X 150000  Y 300000
X 140000  Y 290000
X 150000  Y 280000
X 140000  Y 270000
X 150000  Y 260000
X 140000  Y 250000
X 150000  Y 240000
X 140000  Y 230000
X 159300  Y 223600
X 150000  Y 220000
X 156400  Y 209200
X 144400  Y 204400
X 140000  Y 140000
X 150000  Y 130000
X 140000  Y 120000
X 150000  Y 110000
X 170000  Y 110000
X 180000  Y 120000
X 160000  Y 120000
X 170000  Y 130000
X 179200  Y 130100
X 160000  Y 140000
X 160000  Y 230000
X 170000  Y 240000
X 178800  Y 241800
X 160000  Y 250000
X 180000  Y 250000
X 170000  Y 260000
X 160000  Y 270000
X 170000  Y 280000
X 160000  Y 290000
X 169200  Y 291800
X 165000  Y 292000
X 160000  Y 330000
X 170000  Y 340000
X 160000  Y 350000
X 170000  Y 360000
X 163000  Y 389000
X 182000  Y 434000
X 182000  Y 442000
X 170000  Y 470000
X 160000  Y 480000
X 180000  Y 480000
X 170000  Y 490000
X 160000  Y 500000
X 180000  Y 500000
X 170000  Y 510000
X 160000  Y 520000
X 180000  Y 520000
X 170000  Y 530000
X 160000  Y 540000
X 180000  Y 540000
X 170000  Y 550000
X 180000  Y 560000
X 160000  Y 560000
X 170000  Y 570000
X 160000  Y 580000
X 180000  Y 580000
X 170000  Y 590000
X 160000  Y 600000
X 180000  Y 600000
X 170000  Y 610000
X 160000  Y 620000
X 180000  Y 620000
X 170000  Y 630000
X 180000  Y 640000
X 160000  Y 640000
X 200000  Y 640000
X 195000  Y 635000
X 190000  Y 625000
X 190000  Y 610000
X 200000  Y 600000
X 190000  Y 590000
X 200000  Y 580000
X 190000  Y 570000
X 200000  Y 560000
X 190000  Y 550000
X 200000  Y 540000
X 190000  Y 530000
X 200000  Y 520000
X 190000  Y 510000
X 200000  Y 500000
X 190000  Y 490000
X 205000  Y 470000
X 190000  Y 470000
X 195000  Y 460000
X 200000  Y 435000
X 200000  Y 425000
X 194853  Y 418000
X 209000  Y 403000
X 209000  Y 397000
X 209000  Y 391000
X 195226  Y 389200
X 200000  Y 380000
X 208000  Y 378000
X 205000  Y 350000
X 205000  Y 340000
X 204400  Y 334000
X 190000  Y 314000
X 186000  Y 301000
X 195000  Y 280000
X 205000  Y 275000
X 190000  Y 260000
X 205200  Y 225300
X 184900  Y 224700
X 186300  Y 164500
X 190000  Y 110000
X 220000  Y 110000
X 230000  Y 120000
X 210000  Y 120000
X 220000  Y 126400
X 228400  Y 203200
X 221200  Y 210400
X 230000  Y 220000
X 222800  Y 232100
X 230000  Y 240000
X 210000  Y 250000
X 220000  Y 250000
X 230000  Y 260000
X 210000  Y 260000
X 219400  Y 314000
X 217600  Y 328000
X 234300  Y 342200
X 232600  Y 370058
X 214000  Y 378000
X 215000  Y 393000
X 214000  Y 403000
X 214000  Y 407000
X 214000  Y 411000
X 215800  Y 427600
X 223700  Y 432300
X 215000  Y 435000
X 225000  Y 455000
X 210000  Y 460000
X 225000  Y 465000
X 210000  Y 510000
X 220000  Y 520000
X 210000  Y 530000
X 230000  Y 530000
X 220000  Y 540000
X 210000  Y 550000
X 230000  Y 550000
X 220000  Y 560000
X 230000  Y 570000
X 210000  Y 570000
X 220000  Y 580000
X 230000  Y 590000
X 210000  Y 590000
X 220000  Y 600000
X 210000  Y 635000
X 230000  Y 635000
X 220000  Y 640000
X 240000  Y 640000
X 250000  Y 630000
X 250000  Y 610000
X 240000  Y 600000
X 250000  Y 590000
X 240000  Y 580000
X 250000  Y 570000
X 240000  Y 560000
X 250000  Y 550000
X 240000  Y 540000
X 250000  Y 530000
X 240000  Y 520000
X 250000  Y 510000
X 240000  Y 500000
X 250000  Y 490000
X 240000  Y 480000
X 250000  Y 470000
X 240000  Y 460000
X 250000  Y 450000
X 253000  Y 442000
X 245000  Y 435000
X 248700  Y 425000
X 244700  Y 370200
X 248500  Y 367300
X 258600  Y 355200
X 250000  Y 350000
X 255400  Y 345200
X 245000  Y 340000
X 250000  Y 330000
X 240000  Y 320000
X 250000  Y 315000
X 255000  Y 295000
X 240000  Y 275000
X 255000  Y 275000
X 250000  Y 260000
X 240000  Y 250000
X 250000  Y 240000
X 249800  Y 233500
X 240100  Y 233400
X 251250  Y 217600
X 242500  Y 217600
X 246400  Y 198400
X 251200  Y 179104
X 239200  Y 125200
X 250000  Y 120000
X 240000  Y 110000
X 271600  Y 107200
X 272800  Y 118000
X 263200  Y 125200
X 281200  Y 126400
X 263700  Y 216400
X 280900  Y 233500
X 259600  Y 233500
X 270000  Y 240000
X 260000  Y 250000
X 280000  Y 253600
X 274600  Y 259600
X 270000  Y 275000
X 265000  Y 285000
X 270000  Y 295000
X 270000  Y 315000
X 260000  Y 320000
X 270000  Y 330000
X 260000  Y 340000
X 270000  Y 350000
X 263200  Y 354000
X 269600  Y 378600
X 269551  Y 382800
X 270000  Y 390000
X 277000  Y 403000
X 280000  Y 407000
X 283000  Y 411000
X 260000  Y 420000
X 280000  Y 420000
X 269500  Y 433700
X 260000  Y 440000
X 280000  Y 440000
X 270000  Y 450000
X 280000  Y 460000
X 260000  Y 460000
X 270000  Y 470000
X 280000  Y 480000
X 260000  Y 480000
X 270000  Y 490000
X 280000  Y 500000
X 260000  Y 500000
X 270000  Y 510000
X 280000  Y 520000
X 260000  Y 520000
X 270000  Y 530000
X 280000  Y 540000
X 260000  Y 540000
X 270000  Y 550000
X 260000  Y 560000
X 280000  Y 560000
X 270000  Y 570000
X 280000  Y 580000
X 260000  Y 580000
X 270000  Y 590000
X 280000  Y 600000
X 260000  Y 600000
X 270000  Y 610000
X 280000  Y 620000
X 260000  Y 620000
X 270000  Y 630000
X 260000  Y 640000
X 280000  Y 640000
X 300000  Y 640000
X 290000  Y 630000
X 300000  Y 620000
X 290000  Y 610000
X 300000  Y 600000
X 290000  Y 590000
X 300000  Y 580000
X 290000  Y 570000
X 300000  Y 560000
X 290000  Y 550000
X 300000  Y 540000
X 290000  Y 530000
X 300000  Y 520000
X 290000  Y 510000
X 300000  Y 500000
X 290000  Y 490000
X 300000  Y 480000
X 290000  Y 470000
X 300000  Y 460000
X 290000  Y 450000
X 300000  Y 440000
X 290200  Y 433700
X 300000  Y 420000
X 290000  Y 410000
X 300000  Y 400000
X 290000  Y 390000
X 300000  Y 370000
X 290000  Y 360000
X 300000  Y 350000
X 290000  Y 340000
X 300000  Y 330000
X 290000  Y 320000
X 300000  Y 300000
X 290000  Y 290000
X 300000  Y 280000
X 290000  Y 275000
X 286600  Y 259600
X 290000  Y 240000
X 296200  Y 233800
X 306400  Y 232000
X 294400  Y 212800
X 285000  Y 205000
X 305000  Y 205000
X 305000  Y 190000
X 305200  Y 175500
X 287200  Y 175500
X 289600  Y 118000
X 304000  Y 116800
X 302800  Y 107200
X 320800  Y 116800
X 316000  Y 126400
X 330000  Y 160000
X 330000  Y 180000
X 330000  Y 200000
X 330000  Y 240000
X 310000  Y 240000
X 330000  Y 275000
X 310000  Y 275000
X 320000  Y 280000
X 330000  Y 290000
X 310000  Y 290000
X 320000  Y 300000
X 320000  Y 315000
X 310000  Y 320000
X 320000  Y 330000
X 310000  Y 340000
X 330000  Y 340000
X 332800  Y 345700
X 320000  Y 350000
X 321000  Y 358100
X 310000  Y 360000
X 320000  Y 370000
X 325000  Y 389000
X 310000  Y 390000
X 310000  Y 410000
X 320000  Y 420000
X 329900  Y 433700
X 310000  Y 433700
X 320000  Y 440000
X 310000  Y 450000
X 320000  Y 460000
X 330000  Y 470000
X 310000  Y 470000
X 320000  Y 480000
X 310000  Y 490000
X 330000  Y 490000
X 320000  Y 500000
X 330000  Y 510000
X 310000  Y 510000
X 320000  Y 520000
X 330000  Y 530000
X 310000  Y 530000
X 320000  Y 540000
X 330000  Y 550000
X 310000  Y 550000
X 320000  Y 560000
X 330000  Y 570000
X 310000  Y 570000
X 320000  Y 580000
X 330000  Y 590000
X 310000  Y 590000
X 320000  Y 600000
X 310000  Y 610000
X 330000  Y 610000
X 320000  Y 620000
X 330000  Y 630000
X 310000  Y 630000
X 320000  Y 640000
X 340000  Y 640000
X 350000  Y 630000
X 340000  Y 620000
X 350000  Y 610000
X 340000  Y 600000
X 350000  Y 590000
X 340000  Y 580000
X 350000  Y 570000
X 340000  Y 560000
X 350000  Y 550000
X 340000  Y 540000
X 350000  Y 530000
X 340000  Y 520000
X 350000  Y 510000
X 340000  Y 500000
X 350000  Y 490000
X 340000  Y 480000
X 350000  Y 470000
X 338000  Y 403000
X 344000  Y 389000
X 341100  Y 360800
X 340000  Y 350000
X 356800  Y 340600
X 356800  Y 323600
X 334600  Y 317000
X 340000  Y 300000
X 355000  Y 300000
X 350300  Y 292000
X 346000  Y 292000
X 350000  Y 285000
X 340000  Y 280000
X 350000  Y 275000
X 350000  Y 240000
X 340000  Y 205000
X 350000  Y 200000
X 340000  Y 190000
X 350000  Y 180000
X 340000  Y 170000
X 350000  Y 160000
X 349600  Y 126400
X 340000  Y 116800
X 342400  Y 107200
X 379600  Y 106000
X 368800  Y 116800
X 368800  Y 124000
X 380800  Y 125200
X 370000  Y 160000
X 360000  Y 170000
X 380000  Y 170000
X 380000  Y 190000
X 360000  Y 190000
X 370000  Y 200000
X 360000  Y 205000
X 380000  Y 205000
X 370000  Y 240000
X 370000  Y 280000
X 367000  Y 301000
X 371000  Y 315000
X 376426  Y 389200
X 376000  Y 417946
X 363000  Y 434000
X 380000  Y 435000
X 363000  Y 442000
X 380000  Y 460000
X 360000  Y 460000
X 370000  Y 470000
X 360000  Y 480000
X 380000  Y 485000
X 370000  Y 490000
X 380000  Y 500000
X 360000  Y 500000
X 370000  Y 510000
X 380000  Y 520000
X 360000  Y 520000
X 370000  Y 530000
X 360000  Y 540000
X 380000  Y 540000
X 370000  Y 550000
X 360000  Y 560000
X 380000  Y 560000
X 370000  Y 570000
X 360000  Y 580000
X 380000  Y 580000
X 370000  Y 590000
X 380000  Y 600000
X 360000  Y 600000
X 370000  Y 610000
X 360000  Y 620000
X 375000  Y 625000
X 370000  Y 635000
X 360000  Y 640000
X 380000  Y 640000
X 400000  Y 640000
X 390000  Y 635000
X 400000  Y 600000
X 390000  Y 590000
X 400000  Y 580000
X 390000  Y 570000
X 400000  Y 560000
X 390000  Y 550000
X 400000  Y 540000
X 390000  Y 530000
X 400000  Y 520000
X 390000  Y 510000
X 390000  Y 470000
X 405000  Y 465000
X 405000  Y 455000
X 390000  Y 455000
X 395000  Y 435000
X 404700  Y 431900
X 401100  Y 413600
X 397000  Y 411000
X 396000  Y 407000
X 395000  Y 403000
X 389000  Y 403000
X 392000  Y 397000
X 396000  Y 393000
X 390000  Y 391000
X 389000  Y 378000
X 395000  Y 378000
X 385000  Y 350000
X 385000  Y 335000
X 392800  Y 327400
X 401300  Y 313000
X 385000  Y 275000
X 390000  Y 240000
X 400000  Y 205000
X 390000  Y 200000
X 385000  Y 180000
X 400000  Y 170000
X 390000  Y 160000
X 400000  Y 126400
X 390000  Y 120000
X 428800  Y 108400
X 410000  Y 120000
X 430000  Y 120000
X 419200  Y 126400
X 410000  Y 160000
X 430000  Y 160000
X 420000  Y 190000
X 430000  Y 190000
X 430000  Y 200000
X 410000  Y 200000
X 420000  Y 205000
X 410000  Y 240000
X 430000  Y 240000
X 420000  Y 275000
X 430000  Y 280000
X 430000  Y 300000
X 430000  Y 315000
X 420000  Y 320000
X 430000  Y 330000
X 430000  Y 350000
X 429100  Y 353500
X 413500  Y 363500
X 430350  Y 366000
X 426750  Y 368600
X 413600  Y 370058
X 430300  Y 382700
X 426000  Y 383000
X 430000  Y 425000
X 430000  Y 435000
X 434000  Y 442000
X 430000  Y 450000
X 430000  Y 470000
X 420000  Y 480000
X 430000  Y 490000
X 420000  Y 500000
X 430000  Y 510000
X 420000  Y 520000
X 430000  Y 530000
X 410000  Y 530000
X 420000  Y 540000
X 410000  Y 550000
X 430000  Y 550000
X 420000  Y 560000
X 430000  Y 570000
X 410000  Y 570000
X 420000  Y 580000
X 430000  Y 590000
X 410000  Y 590000
X 420000  Y 600000
X 430000  Y 610000
X 430000  Y 630000
X 410000  Y 635000
X 420000  Y 640000
X 440000  Y 640000
X 450000  Y 630000
X 440000  Y 620000
X 450000  Y 610000
X 440000  Y 600000
X 450000  Y 590000
X 440000  Y 580000
X 450000  Y 570000
X 440000  Y 560000
X 450000  Y 550000
X 440000  Y 540000
X 450000  Y 530000
X 440000  Y 520000
X 450000  Y 510000
X 440000  Y 500000
X 450000  Y 490000
X 440000  Y 480000
X 450000  Y 470000
X 440000  Y 460000
X 450000  Y 450000
X 440000  Y 440000
X 449600  Y 433200
X 440000  Y 420000
X 459000  Y 403000
X 445000  Y 393000
X 450000  Y 390000
X 440000  Y 389000
X 445900  Y 375000
X 450000  Y 345300
X 440000  Y 340000
X 450000  Y 330000
X 440000  Y 320000
X 450000  Y 315000
X 450000  Y 300000
X 440000  Y 290000
X 450000  Y 280000
X 450000  Y 240000
X 450000  Y 200000
X 451250  Y 183650
X 440800  Y 126400
X 450000  Y 120000
X 462400  Y 108400
X 480000  Y 110000
X 470000  Y 120000
X 461200  Y 128800
X 480000  Y 130000
X 470800  Y 138400
X 460000  Y 193600
X 484000  Y 205600
X 467200  Y 205600
X 470000  Y 240000
X 469600  Y 260000
X 475600  Y 274000
X 480000  Y 280000
X 470000  Y 290000
X 480000  Y 300000
X 480000  Y 315000
X 470000  Y 320000
X 480000  Y 330000
X 470000  Y 340000
X 480000  Y 350000
X 462000  Y 407000
X 475000  Y 410000
X 465000  Y 411000
X 480000  Y 420000
X 460000  Y 420000
X 470300  Y 433200
X 460000  Y 440000
X 480000  Y 440000
X 470000  Y 450000
X 480000  Y 460000
X 460000  Y 460000
X 470000  Y 470000
X 460000  Y 480000
X 480000  Y 480000
X 470000  Y 490000
X 460000  Y 500000
X 480000  Y 500000
X 470000  Y 510000
X 460000  Y 520000
X 480000  Y 520000
X 470000  Y 530000
X 480000  Y 540000
X 460000  Y 540000
X 470000  Y 550000
X 460000  Y 560000
X 480000  Y 560000
X 470000  Y 570000
X 480000  Y 580000
X 460000  Y 580000
X 470000  Y 590000
X 460000  Y 600000
X 480000  Y 600000
X 470000  Y 610000
X 460000  Y 620000
X 470000  Y 630000
X 460000  Y 640000
X 490000  Y 610000
X 500000  Y 600000
X 490000  Y 590000
X 500000  Y 580000
X 490000  Y 570000
X 500000  Y 560000
X 490000  Y 550000
X 500000  Y 540000
X 490000  Y 530000
X 500000  Y 520000
X 490000  Y 510000
X 500000  Y 500000
X 490000  Y 490000
X 500000  Y 480000
X 490000  Y 470000
X 500000  Y 460000
X 490000  Y 450000
X 500000  Y 440000
X 489900  Y 433200
X 495000  Y 425000
X 505000  Y 415000
X 485000  Y 410000
X 502000  Y 408000
X 500000  Y 360000
X 490000  Y 340000
X 500000  Y 330000
X 490000  Y 320000
X 500000  Y 315000
X 500000  Y 300000
X 490000  Y 290000
X 490000  Y 240000
X 503200  Y 205600
X 505600  Y 193600
X 490000  Y 193600
X 490000  Y 120000
X 500000  Y 110000
X 520000  Y 110000
X 530000  Y 120000
X 527600  Y 126300
X 530000  Y 140000
X 515000  Y 142900
X 520000  Y 150000
X 528400  Y 205600
X 526800  Y 227700
X 520000  Y 275000
X 530000  Y 280000
X 510000  Y 280000
X 520000  Y 290000
X 531000  Y 291600
X 527000  Y 292000
X 515000  Y 300000
X 514800  Y 317000
X 518400  Y 336200
X 510300  Y 337500
X 514800  Y 348100
X 521000  Y 348300
X 525000  Y 389000
X 519000  Y 403000
X 510200  Y 433200
X 520000  Y 440000
X 510000  Y 450000
X 530000  Y 470000
X 510000  Y 470000
X 520000  Y 480000
X 530000  Y 490000
X 510000  Y 490000
X 520000  Y 500000
X 530000  Y 510000
X 510000  Y 510000
X 520000  Y 520000
X 530000  Y 530000
X 510000  Y 530000
X 520000  Y 540000
X 530000  Y 550000
X 510000  Y 550000
X 520000  Y 560000
X 530000  Y 570000
X 510000  Y 570000
X 520000  Y 580000
X 530000  Y 590000
X 510000  Y 590000
X 520000  Y 600000
X 530000  Y 610000
X 510000  Y 610000
X 520000  Y 620000
X 530000  Y 630000
X 520000  Y 640000
X 540000  Y 640000
X 550000  Y 630000
X 540000  Y 620000
X 550000  Y 610000
X 540000  Y 600000
X 550000  Y 590000
X 540000  Y 580000
X 550000  Y 570000
X 540000  Y 560000
X 550000  Y 550000
X 540000  Y 540000
X 550000  Y 530000
X 540000  Y 520000
X 550000  Y 510000
X 540000  Y 500000
X 550000  Y 490000
X 540000  Y 480000
X 550000  Y 470000
X 540000  Y 460000
X 544000  Y 442000
X 544000  Y 434000
X 556053  Y 418000
X 557200  Y 389973
X 535000  Y 345000
X 536300  Y 330600
X 552000  Y 315000
X 548000  Y 302000
X 550000  Y 285000
X 548400  Y 239000
X 554800  Y 232000
X 547600  Y 203200
X 540000  Y 200000
X 558400  Y 192400
X 550000  Y 190000
X 540000  Y 130000
X 550000  Y 120000
X 540000  Y 110000
X 560000  Y 110000
X 580000  Y 110000
X 563200  Y 169600
X 574000  Y 175600
X 560000  Y 180000
X 577000  Y 180400
X 570000  Y 190000
X 574000  Y 236000
X 575200  Y 244000
X 560000  Y 275000
X 583000  Y 313000
X 569800  Y 325000
X 565000  Y 335000
X 565000  Y 355000
X 570000  Y 378000
X 576000  Y 378000
X 571000  Y 391000
X 577000  Y 393000
X 571000  Y 397000
X 576000  Y 403000
X 571000  Y 403000
X 576000  Y 407000
X 577000  Y 411000
X 580200  Y 413500
X 565000  Y 420000
X 575000  Y 435000
X 560000  Y 435000
X 575000  Y 460000
X 560000  Y 460000
X 570000  Y 470000
X 560000  Y 500000
X 570000  Y 510000
X 580000  Y 520000
X 560000  Y 520000
X 570000  Y 530000
X 560000  Y 540000
X 580000  Y 540000
X 570000  Y 550000
X 580000  Y 560000
X 560000  Y 560000
X 570000  Y 570000
X 560000  Y 580000
X 580000  Y 580000
X 570000  Y 590000
X 580000  Y 600000
X 560000  Y 600000
X 570000  Y 635000
X 560000  Y 640000
X 580000  Y 640000
X 600000  Y 640000
X 590000  Y 635000
X 600000  Y 600000
X 590000  Y 590000
X 600000  Y 580000
X 590000  Y 570000
X 600000  Y 560000
X 590000  Y 550000
X 600000  Y 540000
X 590000  Y 530000
X 600000  Y 520000
X 600000  Y 500000
X 590000  Y 470000
X 590000  Y 455000
X 604600  Y 432500
X 586000  Y 431100
X 606000  Y 383000
X 609500  Y 382700
X 607100  Y 372900
X 594600  Y 370058
X 602748  Y 350000
X 590000  Y 330000
X 600000  Y 275000
X 601400  Y 248800
X 604400  Y 244200
X 596000  Y 236000
X 596000  Y 231000
X 596000  Y 226000
X 589600  Y 200000
X 607900  Y 199800
X 609000  Y 196000
X 590000  Y 190000
X 603000  Y 180400
X 600000  Y 175600
X 584800  Y 169600
X 602900  Y 165400
X 584800  Y 131200
X 605200  Y 130000
X 600000  Y 110000
X 620000  Y 110000
X 610500  Y 112200
X 623400  Y 150100
X 627300  Y 153300
X 622800  Y 156600
X 621987  Y 166277
X 634000  Y 183700
X 620256  Y 186562
X 632800  Y 189000
X 612000  Y 192400
X 611000  Y 236000
X 611000  Y 241000
X 626000  Y 246000
X 620000  Y 280000
X 630000  Y 290000
X 620000  Y 300000
X 620000  Y 315000
X 630000  Y 320000
X 610000  Y 320000
X 620000  Y 330000
X 630000  Y 340000
X 610000  Y 340000
X 620000  Y 350000
X 611100  Y 370500
X 621000  Y 389000
X 626000  Y 393000
X 625000  Y 420000
X 610700  Y 425000
X 624000  Y 437300
X 614600  Y 442000
X 610000  Y 450000
X 630000  Y 450000
X 620000  Y 460000
X 630000  Y 470000
X 610000  Y 470000
X 620000  Y 480000
X 630000  Y 490000
X 610000  Y 490000
X 620000  Y 500000
X 630000  Y 510000
X 610000  Y 510000
X 620000  Y 520000
X 610000  Y 530000
X 630000  Y 530000
X 620000  Y 540000
X 610000  Y 550000
X 630000  Y 550000
X 620000  Y 560000
X 610000  Y 570000
X 630000  Y 570000
X 620000  Y 580000
X 610000  Y 590000
X 630000  Y 590000
X 620000  Y 600000
X 630000  Y 610000
X 620000  Y 620000
X 630000  Y 630000
X 610000  Y 635000
X 620000  Y 640000
X 640000  Y 640000
X 650000  Y 630000
X 640000  Y 620000
X 650000  Y 610000
X 640000  Y 600000
X 650000  Y 590000
X 640000  Y 580000
X 650000  Y 570000
X 640000  Y 560000
X 650000  Y 550000
X 640000  Y 540000
X 650000  Y 530000
X 640000  Y 520000
X 650000  Y 510000
X 640000  Y 500000
X 650000  Y 490000
X 640000  Y 480000
X 650000  Y 470000
X 640000  Y 460000
X 650000  Y 450000
X 640000  Y 440000
X 644100  Y 428500
X 648000  Y 419800
X 637800  Y 419700
X 651350  Y 411000
X 644000  Y 407000
X 655000  Y 405000
X 641000  Y 403000
X 635000  Y 390000
X 635000  Y 275000
X 649600  Y 241600
X 649000  Y 236000
X 655600  Y 222653
X 638800  Y 200000
X 648400  Y 184000
X 656800  Y 175600
X 654400  Y 170800
X 635800  Y 166600
X 648800  Y 157600
X 655600  Y 155200
X 640000  Y 110000
X 660000  Y 110000
X 680000  Y 110000
X 672400  Y 116800
X 666400  Y 121600
X 661600  Y 124000
X 671200  Y 127600
X 678853  Y 127600
X 666400  Y 156400
X 677600  Y 160400
X 680100  Y 165300
X 684100  Y 169600
X 679000  Y 172000
X 662800  Y 175600
X 679000  Y 177000
X 684000  Y 177000
X 672000  Y 189000
X 678000  Y 200000
X 684400  Y 222653
X 684400  Y 229346
X 660400  Y 256000
X 674800  Y 257200
X 665200  Y 260000
X 670000  Y 275000
X 663900  Y 278200
X 660000  Y 285000
X 670000  Y 290000
X 660000  Y 300000
X 660000  Y 315000
X 670000  Y 320000
X 660000  Y 330000
X 670000  Y 340000
X 660000  Y 350000
X 670000  Y 360000
X 660000  Y 370000
X 660000  Y 390000
X 679600  Y 397000
X 666400  Y 405500
X 660900  Y 410900
X 680000  Y 413500
X 670000  Y 430000
X 671200  Y 438300
X 680000  Y 440000
X 660000  Y 440000
X 670000  Y 450000
X 660000  Y 460000
X 680000  Y 460000
X 670000  Y 470000
X 680000  Y 480000
X 660000  Y 480000
X 670000  Y 490000
X 660000  Y 500000
X 680000  Y 500000
X 670000  Y 510000
X 660000  Y 520000
X 680000  Y 520000
X 670000  Y 530000
X 660000  Y 540000
X 680000  Y 540000
X 670000  Y 550000
X 660000  Y 560000
X 680000  Y 560000
X 670000  Y 570000
X 680000  Y 580000
X 660000  Y 580000
X 670000  Y 590000
X 680000  Y 600000
X 660000  Y 600000
X 670000  Y 610000
X 680000  Y 620000
X 660000  Y 620000
X 670000  Y 630000
X 680000  Y 640000
X 660000  Y 640000
X 700000  Y 640000
X 690000  Y 630000
X 700000  Y 620000
X 690000  Y 610000
X 700000  Y 600000
X 690000  Y 590000
X 700000  Y 580000
X 690000  Y 570000
X 700000  Y 560000
X 690000  Y 550000
X 700000  Y 540000
X 690000  Y 530000
X 700000  Y 520000
X 690000  Y 510000
X 700000  Y 500000
X 690000  Y 490000
X 700000  Y 480000
X 690000  Y 470000
X 690000  Y 450000
X 700000  Y 440000
X 690000  Y 430000
X 696500  Y 407800
X 685500  Y 405600
X 700000  Y 403000
X 686000  Y 389000
X 706000  Y 389000
X 685600  Y 378800
X 696600  Y 348100
X 701200  Y 346000
X 695000  Y 340000
X 701000  Y 337100
X 691200  Y 329100
X 701653  Y 323100
X 709000  Y 292000
X 700000  Y 285000
X 700000  Y 275000
X 691600  Y 254700
X 688500  Y 253200
X 691600  Y 198000
X 695200  Y 197400
X 688000  Y 182800
X 692800  Y 182800
X 697600  Y 182289
X 688200  Y 177600
X 697600  Y 174400
X 689200  Y 173200
X 696200  Y 163600
X 688900  Y 163500
X 700600  Y 162700
X 692800  Y 162400
X 707200  Y 154000
X 700000  Y 110000
X 720000  Y 110000
X 720400  Y 119200
X 716400  Y 127600
X 733600  Y 140800
X 732400  Y 149200
X 718500  Y 150400
X 730000  Y 199600
X 725500  Y 200300
X 715000  Y 225000
X 725000  Y 238000
X 715000  Y 240000
X 710000  Y 275000
X 715000  Y 285000
X 713000  Y 291900
X 729000  Y 302000
X 733000  Y 314200
X 717100  Y 333300
X 715000  Y 355000
X 719000  Y 413500
X 725000  Y 434000
X 725000  Y 442000
X 730300  Y 448600
X 720000  Y 460000
X 710000  Y 470000
X 730000  Y 470000
X 720000  Y 480000
X 710000  Y 490000
X 730000  Y 490000
X 720000  Y 500000
X 710000  Y 510000
X 730000  Y 510000
X 720000  Y 520000
X 730000  Y 530000
X 710000  Y 530000
X 720000  Y 540000
X 730000  Y 550000
X 710000  Y 550000
X 720000  Y 560000
X 730000  Y 570000
X 710000  Y 570000
X 720000  Y 580000
X 730000  Y 590000
X 710000  Y 590000
X 720000  Y 600000
X 730000  Y 610000
X 710000  Y 610000
X 720000  Y 620000
X 710000  Y 630000
X 730000  Y 630000
X 720000  Y 640000
X 740000  Y 640000
X 750000  Y 635000
X 740000  Y 600000
X 750000  Y 590000
X 740000  Y 580000
X 750000  Y 570000
X 740000  Y 560000
X 750000  Y 550000
X 740000  Y 540000
X 750000  Y 530000
X 740000  Y 520000
X 750000  Y 510000
X 740000  Y 500000
X 750000  Y 470000
X 755000  Y 460000
X 740000  Y 460000
X 745000  Y 435000
X 755000  Y 435000
X 737200  Y 416746
X 758000  Y 411000
X 758000  Y 407000
X 752000  Y 403000
X 757000  Y 403000
X 758000  Y 398000
X 752000  Y 397000
X 752000  Y 393000
X 738826  Y 389200
X 757000  Y 378000
X 751000  Y 378000
X 750000  Y 350000
X 749200  Y 328000
X 735000  Y 285000
X 735000  Y 275000
X 750000  Y 275000
X 738000  Y 266000
X 750000  Y 255000
X 755000  Y 240000
X 748000  Y 198400
X 756400  Y 190000
X 740800  Y 188800
X 757600  Y 167200
X 738400  Y 145600
X 743200  Y 138400
X 738400  Y 132400
X 748000  Y 131200
X 740800  Y 125200
X 773200  Y 139600
X 770000  Y 150000
X 778000  Y 156400
X 767000  Y 179200
X 780000  Y 200000
X 765000  Y 220000
X 780000  Y 220000
X 780000  Y 270000
X 762400  Y 312400
X 775000  Y 325000
X 775600  Y 370058
X 777600  Y 373500
X 782300  Y 376200
X 761300  Y 412600
X 767000  Y 430000
X 771700  Y 448000
X 770000  Y 465000
X 780000  Y 480000
X 780000  Y 500000
X 770000  Y 510000
X 780000  Y 520000
X 760000  Y 520000
X 770000  Y 530000
X 760000  Y 540000
X 780000  Y 540000
X 770000  Y 550000
X 760000  Y 560000
X 780000  Y 560000
X 770000  Y 570000
X 760000  Y 580000
X 780000  Y 580000
X 770000  Y 590000
X 760000  Y 600000
X 780000  Y 600000
X 770000  Y 635000
X 760000  Y 640000
X 780000  Y 640000
X 800000  Y 640000
X 790000  Y 635000
X 800000  Y 620000
X 800000  Y 600000
X 790000  Y 590000
X 800000  Y 580000
X 790000  Y 570000
X 800000  Y 560000
X 790000  Y 550000
X 800000  Y 540000
X 790000  Y 530000
X 800000  Y 520000
X 790000  Y 510000
X 800000  Y 500000
X 790000  Y 490000
X 800000  Y 480000
X 790000  Y 470000
X 800000  Y 460000
X 790000  Y 455000
X 796000  Y 442000
X 805000  Y 440000
X 790000  Y 435000
X 791700  Y 425046
X 805000  Y 420000
X 787000  Y 383000
X 791000  Y 382800
X 804600  Y 364700
X 808000  Y 357000
X 795000  Y 350000
X 790000  Y 340000
X 800000  Y 330000
X 790000  Y 320000
X 785000  Y 310000
X 800000  Y 310000
X 790000  Y 300000
X 800000  Y 290000
X 790000  Y 275000
X 800000  Y 270000
X 805000  Y 255000
X 800000  Y 240000
X 795000  Y 220000
X 800000  Y 200000
X 795000  Y 190000
X 798850  Y 184000
X 800000  Y 160000
X 790000  Y 150000
X 798400  Y 143200
X 830000  Y 120000
X 819250  Y 163600
X 820000  Y 180000
X 830000  Y 190000
X 824000  Y 249000
X 818000  Y 250000
X 827000  Y 260000
X 815000  Y 265000
X 810000  Y 280000
X 810000  Y 300000
X 810000  Y 320000
X 810000  Y 340000
X 815000  Y 390000
X 821000  Y 403000
X 824000  Y 407000
X 827000  Y 411000
X 820000  Y 420000
X 810000  Y 430000
X 830000  Y 430000
X 820000  Y 440000
X 830000  Y 450000
X 810000  Y 450000
X 820000  Y 460000
X 810000  Y 470000
X 830000  Y 470000
X 820000  Y 480000
X 830000  Y 490000
X 810000  Y 490000
X 820000  Y 500000
X 830000  Y 510000
X 810000  Y 510000
X 820000  Y 520000
X 830000  Y 530000
X 810000  Y 530000
X 820000  Y 540000
X 830000  Y 550000
X 810000  Y 550000
X 820000  Y 560000
X 830000  Y 570000
X 810000  Y 570000
X 820000  Y 580000
X 830000  Y 590000
X 810000  Y 590000
X 820000  Y 600000
X 810000  Y 610000
X 830000  Y 610000
X 820000  Y 620000
X 830000  Y 630000
X 810000  Y 630000
X 820000  Y 640000
X 840000  Y 640000
X 847600  Y 629200
X 840000  Y 620000
X 850000  Y 610000
X 840000  Y 600000
X 850000  Y 590000
X 840000  Y 580000
X 850000  Y 570000
X 840000  Y 560000
X 850000  Y 550000
X 840000  Y 540000
X 850000  Y 530000
X 840000  Y 520000
X 850000  Y 510000
X 840000  Y 500000
X 850000  Y 490000
X 840000  Y 480000
X 850000  Y 470000
X 840000  Y 460000
X 850000  Y 450000
X 840000  Y 440000
X 850000  Y 430000
X 840000  Y 420000
X 840000  Y 400000
X 850000  Y 390000
X 840000  Y 380000
X 850000  Y 370000
X 840000  Y 360000
X 850000  Y 350000
X 840000  Y 340000
X 850000  Y 330000
X 840000  Y 320000
X 850000  Y 310000
X 840000  Y 300000
X 850000  Y 290000
X 840000  Y 280000
X 850000  Y 270000
X 840000  Y 260000
X 850000  Y 250000
X 845000  Y 160000
X 850000  Y 140000
X 840000  Y 130000
X 845000  Y 120000
X 840000  Y 110000
X 870000  Y 150000
X 880000  Y 160000
X 870000  Y 170000
X 860000  Y 180000
X 880000  Y 180000
X 870000  Y 185000
X 870000  Y 250000
X 860000  Y 260000
X 880000  Y 260000
X 870000  Y 270000
X 880000  Y 280000
X 860000  Y 280000
X 870000  Y 290000
X 860000  Y 300000
X 880000  Y 300000
X 870000  Y 310000
X 880000  Y 320000
X 860000  Y 320000
X 870000  Y 330000
X 860000  Y 340000
X 880000  Y 340000
X 870000  Y 350000
X 860000  Y 360000
X 880000  Y 360000
X 870000  Y 370000
X 880000  Y 380000
X 860000  Y 380000
X 870000  Y 390000
X 860000  Y 440000
X 880000  Y 440000
X 870000  Y 450000
X 860000  Y 460000
X 880000  Y 460000
X 870000  Y 470000
X 880000  Y 480000
X 860000  Y 480000
X 870000  Y 490000
X 880000  Y 500000
X 860000  Y 500000
X 870000  Y 510000
X 880000  Y 520000
X 860000  Y 520000
X 870000  Y 530000
X 880000  Y 540000
X 860000  Y 540000
X 870000  Y 550000
X 860000  Y 560000
X 880000  Y 560000
X 870000  Y 570000
X 880000  Y 580000
X 860000  Y 580000
X 870000  Y 590000
X 860000  Y 600000
X 880000  Y 600000
X 870000  Y 610000

Drill: .01969  Tool: 2  Feed: 95  Speed: 300
X 516230  Y 158612
X 516230  Y 168612
X 516230  Y 193887
X 516230  Y 203887

Drill: .02  Tool: 3  Feed: 197  Speed: 550
X 181000  Y 266000
X 149000  Y 408000
X 181000  Y 408000
X 233000  Y 448000
X 183000  Y 452000
X 365000  Y 452000
X 362000  Y 408000
X 330000  Y 408000
X 362000  Y 266000
X 442500  Y 226000
X 482000  Y 266000
X 501000  Y 266000
X 511000  Y 408000
X 415000  Y 448000
X 546000  Y 452000
X 595000  Y 448000
X 543000  Y 408000
X 543000  Y 266000
X 567000  Y 215000
X 619000  Y 215000
X 731200  Y 155000
X 659800  Y 215000
X 706000  Y 215000
X 724000  Y 266000
X 684400  Y 308000
X 685600  Y 383000
X 724000  Y 408000
X 692000  Y 408000
X 727000  Y 452000
X 776000  Y 448000
X 742000  Y 215000
X 754000  Y 215000
X 760000  Y 155000

Drill: .0315  Tool: 4  Feed: 197  Speed: 550
X 366348  Y 181250
X 396269  Y 181250

Drill: .0315  Tool: 5  Feed: 197  Speed: 550
X 831394  Y 165724 X 831394  Y 156275
X 856000  Y 165724 X 856000  Y 156275
X 838480  Y 180685 X 847929  Y 180685

Drill: .035  Tool: 6  Feed: 197  Speed: 550
X 202000  Y 282300
X 222000  Y 282300
X 212000  Y 282300
X 232000  Y 282300
X 222000  Y 292300
X 202000  Y 292300
X 212000  Y 292300
X 232000  Y 292300
X 210000  Y 479000
X 220000  Y 479000
X 230000  Y 479000
X 222000  Y 616300
X 232000  Y 616300
X 202000  Y 616300
X 212000  Y 616300
X 232000  Y 626300
X 222000  Y 626300
X 202000  Y 626300
X 212000  Y 626300
X 242000  Y 626300
X 383000  Y 626300
X 242000  Y 616300
X 383000  Y 616300
X 383000  Y 292300
X 242000  Y 292300
X 383000  Y 282300
X 242000  Y 282300
X 393000  Y 282300
X 403000  Y 282300
X 423000  Y 282300
X 413000  Y 282300
X 403000  Y 292300
X 393000  Y 292300
X 423000  Y 292300
X 413000  Y 292300
X 391000  Y 479000
X 401000  Y 479000
X 411000  Y 479000
X 403000  Y 616300
X 413000  Y 616300
X 423000  Y 616300
X 393000  Y 616300
X 413000  Y 626300
X 393000  Y 626300
X 423000  Y 626300
X 403000  Y 626300
X 564000  Y 626300
X 574000  Y 626300
X 584000  Y 626300
X 564000  Y 616300
X 574000  Y 616300
X 584000  Y 616300
X 572000  Y 479000
X 582000  Y 479000
X 574000  Y 292300
X 564000  Y 292300
X 584000  Y 292300
X 574000  Y 282300
X 564000  Y 282300
X 584000  Y 282300
X 636250  Y 146250
X 636250  Y 156250
X 594000  Y 282300
X 604000  Y 282300
X 604000  Y 292300
X 594000  Y 292300
X 592000  Y 479000
X 604000  Y 616300
X 594000  Y 616300
X 594000  Y 626300
X 604000  Y 626300
X 745000  Y 626300
X 755000  Y 626300
X 755000  Y 616300
X 745000  Y 616300
X 753000  Y 479000
X 745000  Y 292300
X 755000  Y 292300
X 755000  Y 282300
X 745000  Y 282300
X 749500  Y 115000
X 739500  Y 115000
X 729500  Y 115000
X 809250  Y 112500
X 786000  Y 165000
X 786000  Y 175000
X 775000  Y 282300
X 765000  Y 282300
X 785000  Y 282300
X 775000  Y 292300
X 785000  Y 292300
X 765000  Y 292300
X 773000  Y 479000
X 763000  Y 479000
X 765000  Y 616300
X 775000  Y 616300
X 785000  Y 616300
X 765000  Y 626300
X 785000  Y 626300
X 775000  Y 626300
X 819250  Y 112500

Drill: .036  Tool: 7  Feed: 197  Speed: 550
X 150874  Y 183000
X 143000  Y 183000
X 143000  Y 192842
X 150874  Y 192842

Drill: .037  Tool: 8  Feed: 197  Speed: 550
X 216250  Y 320000
X 216250  Y 340000
X 397500  Y 340000
X 578750  Y 340000
X 397500  Y 320000
X 578750  Y 320000
X 686000  Y 121000
X 706000  Y 121000
X 758750  Y 320000
X 758750  Y 340000

Drill: .04  Tool: 9  Feed: 139  Speed: 550
X 202332  Y 151250
X 192332  Y 151250
X 202332  Y 161250
X 192332  Y 161250
X 202332  Y 171250
X 192332  Y 171250
X 202332  Y 181250
X 192332  Y 181250
X 202332  Y 191250
X 192332  Y 191250
X 202332  Y 201250
X 192332  Y 201250
X 202332  Y 211250
X 192332  Y 211250
X 153000  Y 416000
X 153000  Y 456000
X 334000  Y 456000
X 334000  Y 416000
X 515000  Y 416000
X 696000  Y 416000
X 696000  Y 456000
X 515000  Y 456000
X 768204  Y 133110
X 791000  Y 133110
X 768204  Y 124055
X 791000  Y 124055
X 791000  Y 115000
X 768204  Y 115000

Drill: .041  Tool: 10  Feed: 139  Speed: 550
X 806000  Y 209000
X 806000  Y 219000
X 806000  Y 229000

Drill: .04724  Tool: 11  Feed: 139  Speed: 550
X 573960  Y 136328
X 573960  Y 166250
X 594039  Y 166250
X 594039  Y 136328

Drill: .091  Tool: 12  Feed: 66  Speed: 550
X 132370  Y 164220
X 132370  Y 211622

Drill: .12598  Tool: 13  Feed: 35  Speed: 794
X 876000  Y 219000

Drill: .12598  Tool: 14  Feed: 35  Speed: 794
X 194301  Y 134005
X 194301  Y 228494
X 513198  Y 228494
X 513198  Y 134005

Drill: .126  Tool: 15  Feed: 35  Speed: 794
X 120000  Y 120000
X 120000  Y 415000
X 120000  Y 631000
X 494000  Y 631000
X 485000  Y 375000
X 494000  Y 145000
X 868000  Y 120000
X 868000  Y 415000
X 868000  Y 631000

End of Listing
