C51 COMPILER V9.00   COMMON                                                                03/29/2017 15:15:13 PAGE 1   


C51 COMPILER V9.00, COMPILATION OF MODULE COMMON
OBJECT MODULE PLACED IN .\Objects\Common.obj
COMPILER INVOKED BY: C:\Keil_v5\C51\BIN\C51.EXE common\Common.c OPTIMIZE(8,SPEED) BROWSE INCDIR(.\include;.\common;.\mod
                    -ule;..\¿âº¯Êý) DEFINE(FOSC_160000) DEBUG OBJECTEXTEND PRINT(.\Listings\Common.lst) OBJECT(.\Objects\Common.obj)

line level    source

   1          /*--------------------------------------------------------------------------------------------------------
             --*/
   2          /*                                                                                                        
             - */
   3          /* Copyright(c) 2016 Nuvoton Technology Corp. All rights reserved.                                        
             - */
   4          /*                                                                                                        
             - */
   5          /*--------------------------------------------------------------------------------------------------------
             --*/
   6          
   7          //********************************************************************************************************
             -***
   8          //  Nuvoton Technoledge Corp. 
   9          //  Website: http://www.nuvoton.com
  10          //  E-Mail : MicroC-8bit@nuvoton.com
  11          //  Date   : Apr/21/2016
  12          //********************************************************************************************************
             -***
  13          
  14          #include <stdio.h>
  15          #include "N76E003.h"
  16          #include "Define.h"
  17          #include "Common.h"
  18          #include "Delay.h"
  19          #include "SFR_Macro.h"
  20          #include "Function_define.h"
  21          
  22          //----------------------------------------------------------------------------------
  23          // use timer1 as Baudrate generator, Maxmum Baudrate can ???? bps @ 16MHZ
  24          //----------------------------------------------------------------------------------
  25          void InitialUART0_Timer1(UINT32 u32Baudrate)    //T1M = 1, SMOD = 1
  26          {
  27   1                      P06_Quasi_Mode;
  28   1                      P07_Quasi_Mode;
  29   1              
  30   1          SCON = 0x52;     //UART0 Mode1,REN=1,TI=1
  31   1          TMOD |= 0x20;    //Timer1 Mode1
  32   1          
  33   1          set_SMOD;        //UART0 Double Rate Enable
  34   1          set_T1M;
  35   1          clr_BRCK;        //Serial port 0 baud rate clock source = Timer1
  36   1      
  37   1       
  38   1      #ifdef FOSC_160000
  39   1          TH1 = 256 - (1000000/u32Baudrate+1);               /*16 MHz */
  40   1      #endif          
  41   1      #ifdef FOSC_221184
                  TH1 = 256 - (1382400/u32Baudrate);              /*22.1184 MHz */
              #endif
  44   1          set_TR1;
  45   1      }
  46          //---------------------------------------------------------------
  47          void InitialUART0_Timer3(UINT32 u32Baudrate) //use timer3 as Baudrate generator
C51 COMPILER V9.00   COMMON                                                                03/29/2017 15:15:13 PAGE 2   

  48          {
  49   1                      P06_Quasi_Mode;
  50   1                      P07_Quasi_Mode; 
  51   1              
  52   1          SCON = 0x52;     //UART0 Mode1,REN=1,TI=1
  53   1          set_SMOD;        //UART0 Double Rate Enable
  54   1          T3CON &= 0xF8;   //T3PS2=0,T3PS1=0,T3PS0=0(Prescale=1)
  55   1          set_BRCK;        //UART0 baud rate clock source = Timer3
  56   1      
  57   1      #ifdef FOSC_160000
  58   1                      RH3    = HIBYTE(65536 - (1000000/u32Baudrate)-1);               /*16 MHz */
  59   1                      RL3    = LOBYTE(65536 - (1000000/u32Baudrate)-1);                       /*16 MHz */
  60   1      #endif
  61   1      #ifdef FOSC_221184
                  RH3    = HIBYTE(65536 - (1382400/u32Baudrate));     /*22.1184 MHz */
                  RL3    = LOBYTE(65536 - (1382400/u32Baudrate));     /*22.1184 MHz */
              #endif
  65   1          set_TR3;         //Trigger Timer3
  66   1      }
  67          
  68          UINT8 Receive_Data_From_UART0(void)
  69          {
  70   1          UINT8 c;
  71   1          
  72   1          while (!RI);
  73   1          c = SBUF;
  74   1          RI = 0;
  75   1          return (c);
  76   1      }
  77          
  78          void Send_Data_To_UART0 (UINT8 c)
  79          {
  80   1          TI = 0;
  81   1          SBUF = c;
  82   1          while(TI==0);
  83   1      }
  84          
  85          
  86          //---------------------------------------------------------------
  87          void InitialUART1_Timer3(UINT32 u32Baudrate) //use timer3 as Baudrate generator
  88          {
  89   1                      P02_Quasi_Mode;
  90   1                      P16_Quasi_Mode;
  91   1              
  92   1                SCON_1 = 0x52;   //UART1 Mode1,REN_1=1,TI_1=1
  93   1          T3CON &= 0xF8;   //T3PS2=0,T3PS1=0,T3PS0=0(Prescale=1)
  94   1      #ifdef FOSC_110592
                  RH3    = HIBYTE(65536 - (691200/u32Baudrate));  /*11.0592 MHz */
                  RL3    = LOBYTE(65536 - (691200/u32Baudrate));  /*11.0592 MHz */
              #endif
  98   1      #ifdef FOSC_184320
                  RH3    = HIBYTE(65536 - (1152000/u32Baudrate)); /*18.4320 MHz */
                  RL3    = LOBYTE(65536 - (1152000/u32Baudrate)); /*18.4320 MHz */
              #endif
 102   1      #ifdef FOSC_160000
 103   1                      RH3    = HIBYTE(65536 - (1000000/u32Baudrate)-1);               /*16 MHz */
 104   1                      RL3    = LOBYTE(65536 - (1000000/u32Baudrate)-1);                       /*16 MHz */
 105   1      #endif
 106   1      #ifdef FOSC_200000
                  RH3    = HIBYTE(65536 - (1250000/u32Baudrate)); /*20.0000 MHz */
                  RL3    = LOBYTE(65536 - (1250000/u32Baudrate)); /*20.0000 MHz */
              #endif
C51 COMPILER V9.00   COMMON                                                                03/29/2017 15:15:13 PAGE 3   

 110   1      #ifdef FOSC_221184
                  RH3    = HIBYTE(65536 - (1382400/u32Baudrate));     /*22.1184 MHz */
                  RL3    = LOBYTE(65536 - (1382400/u32Baudrate));     /*22.1184 MHz */
              #endif
 114   1          set_TR3;         //Trigger Timer3
 115   1      }
 116          
 117          UINT8 Receive_Data_From_UART1(void)
 118          {
 119   1          UINT8 c;
 120   1          
 121   1          while (!RI_1);
 122   1          c = SBUF_1;
 123   1          RI_1 = 0;
 124   1          return (c);
 125   1      }
 126          
 127          void Send_Data_To_UART1 (UINT8 c)
 128          {
 129   1          TI_1 = 0;
 130   1          SBUF_1 = c;
 131   1          while(TI_1==0);
 132   1      }
 133          
 134          
 135          /*==========================================================================*/
 136          #ifdef SW_Reset
              void SW_Reset(void)
              {
                  TA = 0xAA;
                  TA = 0x55;
                  set_SWRST;
              }
              #endif
 144          /*==========================================================================*/


MODULE INFORMATION:   STATIC OVERLAYABLE
   CODE SIZE        =    287    ----
   CONSTANT SIZE    =   ----    ----
   XDATA SIZE       =   ----    ----
   PDATA SIZE       =   ----    ----
   DATA SIZE        =   ----       8
   IDATA SIZE       =   ----    ----
   BIT SIZE         =   ----    ----
END OF MODULE INFORMATION.


C51 COMPILATION COMPLETE.  0 WARNING(S),  0 ERROR(S)
