C51 COMPILER V9.00   GPIO                                                                  04/08/2017 00:23:16 PAGE 1   


C51 COMPILER V9.00, COMPILATION OF MODULE GPIO
OBJECT MODULE PLACED IN .\Objects\gpio.obj
COMPILER INVOKED BY: C:\Keil_v5\C51\BIN\C51.EXE module\gpio.c OPTIMIZE(8,SPEED) BROWSE INCDIR(.\include;.\common;.\modul
                    -e) DEFINE(FOSC_160000) DEBUG OBJECTEXTEND PRINT(.\Listings\gpio.lst) OBJECT(.\Objects\gpio.obj)

line level    source

   1          #include        "gpio.h"
   2          
   3          
   4          //void  gpio_init(void)
   5          //{
   6          ////    Set_All_GPIO_Quasi_Mode;
   7          //      P14_PushPull_Mode;
   8          //      
   9          //}
  10          
  11          void gpio_init(void)
  12          {
  13   1      //      P00_PushPull_Mode;
  14   1      //      P01_PushPull_Mode;
  15   1      //      P03_PushPull_Mode;
  16   1      //      P04_PushPull_Mode;
  17   1              P04_Input_Mode;
  18   1              P05_Input_Mode;
  19   1              P06_Input_Mode;
  20   1              P07_Input_Mode;
  21   1      //      P10_PushPull_Mode;
  22   1      //      P11_PushPull_Mode;
  23   1      //      P12_PushPull_Mode;
  24   1      //      P13_PushPull_Mode;
  25   1              P14_PushPull_Mode;
  26   1              P17_Input_Mode;
  27   1      //      P30_PushPull_Mode;
  28   1              
  29   1              P01 = 0;
  30   1              P00 = 0;
  31   1              P10 = 0;
  32   1              P11 = 0;
  33   1      //      while(1);
  34   1              P12 = 0;
  35   1              P13 = 0;
  36   1      }


MODULE INFORMATION:   STATIC OVERLAYABLE
   CODE SIZE        =     49    ----
   CONSTANT SIZE    =   ----    ----
   XDATA SIZE       =   ----    ----
   PDATA SIZE       =   ----    ----
   DATA SIZE        =   ----    ----
   IDATA SIZE       =   ----    ----
   BIT SIZE         =   ----    ----
END OF MODULE INFORMATION.


C51 COMPILATION COMPLETE.  0 WARNING(S),  0 ERROR(S)
