C51 COMPILER V9.00   KEY_CHECK                                                             03/18/2017 09:53:26 PAGE 1   


C51 COMPILER V9.00, COMPILATION OF MODULE KEY_CHECK
OBJECT MODULE PLACED IN .\Objects\Key_Check.obj
COMPILER INVOKED BY: C:\Keil_v5\C51\BIN\C51.EXE module\Key_Check.c OPTIMIZE(8,SPEED) BROWSE INCDIR(.\include;.\common;.\
                    -module) DEFINE(FOSC_160000) DEBUG OBJECTEXTEND PRINT(.\Listings\Key_Check.lst) TABS(2) OBJECT(.\Objects\Key_Check.obj)

line level    source

   1          //#include <stdio.h>
   2          #include "Common.h"
   3          //#include "Delay.h"
   4          //#include "IR_recive.h"
   5          #include "Codingformat_Define.h"
   6          #include  "Key_Check.h"
   7          
   8          
   9          void  key_check(UINT8 key)
  10          {
  11   1        switch(key)
  12   1        {
  13   2          case  key_ON_OFF:
  14   2                
  15   2                break;
  16   2          case  key_MUTE:
  17   2            
  18   2                break;
  19   2          case  key_HDMI:
  20   2              
  21   2                break;
  22   2          case  key_LINE_IN:
  23   2            
  24   2                break;
  25   2          case  key_AUX_IN:
  26   2            
  27   2                break;
  28   2          case  key_BLUETOOTH:
  29   2            
  30   2                break;
  31   2          case  key_OPTICAL:
  32   2            
  33   2                break;
  34   2          case  key_COAXIAL:
  35   2            
  36   2                break;
  37   2          case  key_VOLUME_PLUS:
  38   2            
  39   2                break;
  40   2          case  key_VOLUME_MINUS:
  41   2            
  42   2                break;
  43   2          case  key_BASS_PLUS:
  44   2            
  45   2                break;
  46   2          case  key_BASS_MINUS:
  47   2            
  48   2                break;
  49   2          case  key_TREBLE_PLUS:
  50   2            
  51   2                break;
  52   2          case  key_TREBLE_MINUS:
  53   2            
  54   2                break;  
C51 COMPILER V9.00   KEY_CHECK                                                             03/18/2017 09:53:26 PAGE 2   

  55   2          default:
  56   2                
  57   2                break;
  58   2        }
  59   1      }


MODULE INFORMATION:   STATIC OVERLAYABLE
   CODE SIZE        =      1    ----
   CONSTANT SIZE    =   ----    ----
   XDATA SIZE       =   ----    ----
   PDATA SIZE       =   ----    ----
   DATA SIZE        =   ----    ----
   IDATA SIZE       =   ----    ----
   BIT SIZE         =   ----    ----
END OF MODULE INFORMATION.


C51 COMPILATION COMPLETE.  0 WARNING(S),  0 ERROR(S)
