C51 COMPILER V9.00   MAIN                                                                  04/08/2017 00:23:15 PAGE 1   


C51 COMPILER V9.00, COMPILATION OF MODULE MAIN
OBJECT MODULE PLACED IN .\Objects\MAIN.obj
COMPILER INVOKED BY: C:\Keil_v5\C51\BIN\C51.EXE demo\MAIN.C OPTIMIZE(8,SPEED) BROWSE INCDIR(.\include;.\common;.\module)
                    - DEFINE(FOSC_160000) DEBUG OBJECTEXTEND PRINT(.\Listings\MAIN.lst) OBJECT(.\Objects\MAIN.obj)

line level    source

   1          //  File Function: N76E885 demo 
   2          //********************************************************************************************************
             -***
   3          #include <stdio.h>
   4          #include "N76E003.h"
   5          #include "Define.h"
   6          #include "Common.h"
   7          #include "Delay.h"
   8          #include "SFR_Macro.h"
   9          #include "Function_define.h"
  10          #include "gpio.h"
  11          #include "adc.h"
  12          #include "bluetooth.h"
  13          #include        "time0.h"
  14          
  15          
  16          /*************  本地常量声明    **************/
  17          //#define       TH0_INIT_1ms    1340
  18          //#define       TL0_INIT_1ms    1340
  19          
  20          
  21          /*************  本地变量声明    **************/
  22          //UINT8 u8TH0_Tmp_1ms,u8TL0_Tmp_1ms;
  23          
  24          /*************  本地函数声明    **************/
  25          void    sys_init(void);
  26          
  27          /*************  外部函数和变量声明 *****************/
  28          
  29          void    SetSysClock(void)
  30          {
  31   1              CKSWT = 0x30;
  32   1              CKEN  = 0x30;
  33   1      }
  34          void    sys_init(void)
  35          {
  36   1              SetSysClock();
  37   1              Set_All_GPIO_Quasi_Mode;
  38   1              TIMER0_MODE1_ENABLE;
  39   1      }
  40          
  41          
  42          /******************************************************************************
  43          The main C function.  Program execution starts
  44          here after stack initialization.
  45          ******************************************************************************/
  46          void main (void) 
  47          {
  48   1      //      P12_PushPull_Mode;
  49   1      //      P14_PushPull_Mode;
  50   1              UINT16  N_1s=0;
  51   1              bit sys_flag=0;
  52   1              sys_init();
  53   1              adc_init();
C51 COMPILER V9.00   MAIN                                                                  04/08/2017 00:23:15 PAGE 2   

  54   1      //      gpio_init();
  55   1              gpio_init();
  56   1              timer0_init();
  57   1      //      set_T0M;                //系统时钟
  58   1      //      u8TH0_Tmp_1ms = (65536-TH0_INIT_1ms)/256;
  59   1      //      u8TL0_Tmp_1ms = (65536-TL0_INIT_1ms)%256;
  60   1      //      TH0 = u8TH0_Tmp_1ms;
  61   1      //    TL0 = u8TL0_Tmp_1ms;
  62   1      //      set_ET0;
  63   1              set_EA;
  64   1              set_TR0;
  65   1              __delay_ms(5*100);//5s延时，等待有效电压的检测完成
  66   1              ST_BY = 1;
  67   1              BT_POWER = 1;
  68   1              while(1)
  69   1              {
  70   2      //              Bluetooth_process();
  71   2                      if(ST_BY && BT_POWER)
  72   2                      {
  73   3                              sys_flag = 1;
  74   3                      }
  75   2                      else
  76   2                      {
  77   3                              sys_flag = 0;
  78   3                      }
  79   2                      while(sys_flag)
  80   2      //              while(BT_DET && sys_flag)
  81   2                      {
  82   3                              Bluetooth_process();
  83   3                      }
  84   2      //              while(!BT_DET)
  85   2      //              {
  86   2      //                      __delay_ms(100);
  87   2      //                      N_1s++;
  88   2      //                      if(N_1s == 900)//15*60s时间
  89   2      //                      {
  90   2      //                              ST_BY = 0;
  91   2      //                              BT_POWER = 0;
  92   2      //                              N_1s = 0;
  93   2      //                      }
  94   2      ////            }
  95   2      //              N_1s = 0;
  96   2              }
  97   1      }


MODULE INFORMATION:   STATIC OVERLAYABLE
   CODE SIZE        =     84    ----
   CONSTANT SIZE    =   ----    ----
   XDATA SIZE       =   ----    ----
   PDATA SIZE       =   ----    ----
   DATA SIZE        =   ----       2
   IDATA SIZE       =   ----    ----
   BIT SIZE         =   ----       1
END OF MODULE INFORMATION.


C51 COMPILATION COMPLETE.  0 WARNING(S),  0 ERROR(S)
