C51 COMPILER V9.00   RECIVE_DEMO                                                           03/25/2017 17:07:57 PAGE 1   


C51 COMPILER V9.00, COMPILATION OF MODULE RECIVE_DEMO
OBJECT MODULE PLACED IN .\Objects\Recive_demo.obj
COMPILER INVOKED BY: C:\Keil_v5\C51\BIN\C51.EXE demo\Recive_demo.c OPTIMIZE(8,SPEED) BROWSE INCDIR(.\include;.\common;.\
                    -module) DEFINE(FOSC_160000) DEBUG OBJECTEXTEND PRINT(.\Listings\Recive_demo.lst) TABS(2) OBJECT(.\Objects\Recive_demo.ob
                    -j)

line level    source

   1          //  File Function: N76E885 demo 
   2          //********************************************************************************************************
             -***
   3          //#define   _EX_
   4          #include <stdio.h>
   5          #include "N76E003.h"
   6          #include "Define.h"
   7          #include "Common.h"
   8          #include "Delay.h"
   9          #include "SFR_Macro.h"
  10          #include "Function_define.h"
  11          #include "IR_recive.h"
  12          //#include  "Key_Check.h"
  13          #include "I2C.h"
  14          #include  "NPCA110P.h"
  15          
  16          extern  UINT8  code g_abMaxxDSPCommands[];
  17          /******************************************************************************
  18          The main C function.  Program execution starts
  19          here after stack initialization.
  20          ******************************************************************************/
  21          void main (void) 
  22          {
  23   1          UINT16 i=0,j=0;
  24   1          UINT8 *p = g_abMaxxDSPCommands;
  25   1        
  26   1      /* init mcu */  
  27   1          Set_All_GPIO_Quasi_Mode;
  28   1          INT1_ISR_init();
  29   1          //set_EA;
  30   1          Init_NPCA110P_I2C();
  31   1      
  32   1      /* transmit bytes to I2C */   
  33   1          for(i=0;i<306;i++)  
  34   1          {
  35   2            writeString_NPCA110P(3,p);                         /* I2C Master will send 0x55,0xAA,.... to slave */
  36   2            p += 3; 
  37   2            for(j=0;j<1340;j++);                              /* every time delay 1ms */
  38   2          }
  39   1      
  40   1          
  41   1          while(1)
  42   1          {
  43   2              set_GPIO1;                        // Tiny board GPIO1 LED define in Common.h
  44   2              if(Recive_flag)
  45   2              {
  46   3                  //key_check(key_press);
  47   3                  Recive_flag = 0;
  48   3              }
  49   2          }
  50   1      }
  51          
  52          
C51 COMPILER V9.00   RECIVE_DEMO                                                           03/25/2017 17:07:57 PAGE 2   



MODULE INFORMATION:   STATIC OVERLAYABLE
   CODE SIZE        =    110    ----
   CONSTANT SIZE    =   ----    ----
   XDATA SIZE       =   ----    ----
   PDATA SIZE       =   ----    ----
   DATA SIZE        =   ----       7
   IDATA SIZE       =   ----    ----
   BIT SIZE         =   ----    ----
END OF MODULE INFORMATION.


C51 COMPILATION COMPLETE.  0 WARNING(S),  0 ERROR(S)
