C51 COMPILER V9.52.0.0   WDT                                                               07/21/2016 17:35:17 PAGE 1   


C51 COMPILER V9.52.0.0, COMPILATION OF MODULE WDT
OBJECT MODULE PLACED IN .\Output\WDT.obj
COMPILER INVOKED BY: C:\Keil\C51\BIN\C51.EXE Code\WDT.c BROWSE INCDIR(..\..\Include) DEFINE(FOSC_160000) DEBUG OBJECTEXT
                    -END PRINT(.\LST\WDT.lst) TABS(2) OBJECT(.\Output\WDT.obj)

line level    source

   1          /*--------------------------------------------------------------------------------------------------------
             --*/
   2          /*                                                                                                        
             - */
   3          /* Copyright(c) 2016 Nuvoton Technology Corp. All rights reserved.                                        
             - */
   4          /*                                                                                                        
             - */
   5          /*--------------------------------------------------------------------------------------------------------
             --*/
   6          
   7          //********************************************************************************************************
             -***
   8          //  Nuvoton Technoledge Corp. 
   9          //  Website: http://www.nuvoton.com
  10          //  E-Mail : MicroC-8bit@nuvoton.com
  11          //  Date   : Apr/21/2016
  12          //********************************************************************************************************
             -***
  13          
  14          //********************************************************************************************************
             -***
  15          //  File Function: N76E003 Watch Dog as pure timer with interrupt demo code
  16          //********************************************************************************************************
             -***
  17          
  18          #include <stdio.h>
  19          #include "N76E003.h"
  20          #include "Define.h"
  21          #include "Common.h"
  22          #include "Delay.h"
  23          #include "SFR_Macro.h"
  24          #include "Function_define.h"
  25          
  26          
  27          /*********************************************************************************************************
             -***
  28          *    WDT interrupt sub-routine
  29          **********************************************************************************************************
             -**/
  30          void WDT_ISR (void)   interrupt 10
  31          {
  32   1      
  33   1                //---------toggle GPIO2---------  
  34   1                  clr_GPIO1;
  35   1                  Timer0_Delay1ms(50);
  36   1                  set_GPIO1;
  37   1                  Timer0_Delay1ms(50);
  38   1                  clr_GPIO1;
  39   1                  Timer0_Delay1ms(50);
  40   1                  set_GPIO1;
  41   1                  Timer0_Delay1ms(50);
  42   1                //---------end toggle GPIO2--------
  43   1          clr_WDTF;
C51 COMPILER V9.52.0.0   WDT                                                               07/21/2016 17:35:17 PAGE 2   

  44   1          set_WDCLR;
  45   1      }
  46          
  47          /*********************************************************************************************************
             -***
  48          *    Main function 
  49          **********************************************************************************************************
             -**/
  50          void main (void)
  51          {
  52   1      /* Note
  53   1        WDT timer base is LIRC 10Khz
  54   1      */
  55   1          
  56   1        Set_All_GPIO_Quasi_Mode;
  57   1        
  58   1      //WDT init
  59   1      //--------------------------------------------------------
  60   1      //Warning:
  61   1      //Pleaes always check CONFIG WDT disable first 
  62   1      //only when WDT reset disable, WDT use as pure timer
  63   1      //--------------------------------------------------------
  64   1          TA=0xAA;TA=0x55;WDCON=0x06;     //Setting WDT prescale 
  65   1          set_WDTR;                       //WDT run
  66   1          set_WDCLR;                      //Clear WDT timer
  67   1          set_EWDT;
  68   1          EA =1;
  69   1      
  70   1      #if 1
  71   1          while(1);
  72   1      #else
                  set_WIDPD;                      //WDT run in POWER DOWM mode setting if needed
                  while (1)
                  {
                    set_PD;
                        //---------toggle GPIO1---------  
                          clr_P04;
                          Timer1_Delay1ms(50);
                          set_P04;
                          Timer1_Delay1ms(50);
                          clr_P04;
                          Timer1_Delay1ms(50);
                          set_P04;
                          Timer1_Delay1ms(50);
                        //---------end toggle GPIO1---------
                  }
              #endif
  89   1      }


MODULE INFORMATION:   STATIC OVERLAYABLE
   CODE SIZE        =    217    ----
   CONSTANT SIZE    =   ----    ----
   XDATA SIZE       =   ----    ----
   PDATA SIZE       =   ----    ----
   DATA SIZE        =   ----    ----
   IDATA SIZE       =   ----    ----
   BIT SIZE         =   ----    ----
END OF MODULE INFORMATION.


C51 COMPILATION COMPLETE.  0 WARNING(S),  0 ERROR(S)
