C51 COMPILER V9.52.0.0   WKT_INT                                                           07/21/2016 17:34:16 PAGE 1   


C51 COMPILER V9.52.0.0, COMPILATION OF MODULE WKT_INT
OBJECT MODULE PLACED IN .\Output\WKT_INT.obj
COMPILER INVOKED BY: C:\Keil\C51\BIN\C51.EXE Code\WKT_INT.c BROWSE INCDIR(..\..\Include;..\..\Common) DEFINE(FOSC_160000
                    -) DEBUG OBJECTEXTEND PRINT(.\LST\WKT_INT.lst) TABS(2) OBJECT(.\Output\WKT_INT.obj)

line level    source

   1          /*--------------------------------------------------------------------------------------------------------
             --*/
   2          /*                                                                                                        
             - */
   3          /* Copyright(c) 2016 Nuvoton Technology Corp. All rights reserved.                                        
             - */
   4          /*                                                                                                        
             - */
   5          /*--------------------------------------------------------------------------------------------------------
             --*/
   6          
   7          //********************************************************************************************************
             -***
   8          //  Nuvoton Technoledge Corp. 
   9          //  Website: http://www.nuvoton.com
  10          //  E-Mail : MicroC-8bit@nuvoton.com
  11          //  Date   : Apr/21/2016
  12          //********************************************************************************************************
             -***
  13          
  14          //********************************************************************************************************
             -***
  15          //  File Function: N76E003 Watch Dog interrupt demo code
  16          //********************************************************************************************************
             -***
  17          
  18          #include <stdio.h>
  19          #include "N76E003.h"
  20          #include "Define.h"
  21          #include "Common.h"
  22          #include "Delay.h"
  23          #include "SFR_Macro.h"
  24          #include "Function_define.h"
  25          
  26          
  27          void WakeUp_Timer_ISR (void)   interrupt 17     //ISR for self wake-up timer
  28          {
  29   1          set_GPIO1;
  30   1          Timer2_Delay1ms(100);
  31   1          clr_GPIO1;
  32   1          Timer2_Delay1ms(100);
  33   1          set_GPIO1;
  34   1          clr_WKTF;                                  //clear interrupt flag   
  35   1      }
  36          
  37          
  38          /*********************************************************************************************************
             -***
  39          *    Main function 
  40          **********************************************************************************************************
             -**/
  41          void main (void)
  42          {
  43   1         
C51 COMPILER V9.52.0.0   WKT_INT                                                           07/21/2016 17:34:16 PAGE 2   

  44   1          Set_All_GPIO_Quasi_Mode;
  45   1      //-----------------------------------------------------
  46   1      //  WKT initial   
  47   1      //-----------------------------------------------------
  48   1          WKCON = 0x02;                     //timer base 10k, Pre-scale = 1/16
  49   1      //    RWK = 0XFF;                     //  if prescale is 0x00, never set RWK = 0xff
  50   1          RWK = 0X00;
  51   1          set_EWKT;                         // enable WKT interrupt
  52   1          set_WKTR;                         // Wake-up timer run 
  53   1          EA = 1;
  54   1          
  55   1          while(1)
  56   1          {
  57   2            set_P04;
  58   2            Timer1_Delay1ms(100);
  59   2            clr_P04;
  60   2            Timer1_Delay1ms(100);
  61   2            set_P04;
  62   2            Timer1_Delay1ms(100);
  63   2            clr_P04;
  64   2          }
  65   1      }
  66          


MODULE INFORMATION:   STATIC OVERLAYABLE
   CODE SIZE        =    160    ----
   CONSTANT SIZE    =   ----    ----
   XDATA SIZE       =   ----    ----
   PDATA SIZE       =   ----    ----
   DATA SIZE        =   ----    ----
   IDATA SIZE       =   ----    ----
   BIT SIZE         =   ----    ----
END OF MODULE INFORMATION.


C51 COMPILATION COMPLETE.  0 WARNING(S),  0 ERROR(S)
