C51 COMPILER V9.00   RECIVE_DEMO                                                           03/07/2017 17:02:02 PAGE 1   


C51 COMPILER V9.00, COMPILATION OF MODULE RECIVE_DEMO
OBJECT MODULE PLACED IN .\Objects\Recive_demo.obj
COMPILER INVOKED BY: C:\Keil_v5\C51\BIN\C51.EXE demo\Recive_demo.c OPTIMIZE(8,SPEED) BROWSE INCDIR(.\include) DEFINE(FOS
                    -C_160000) DEBUG OBJECTEXTEND PRINT(.\Listings\Recive_demo.lst) TABS(2) OBJECT(.\Objects\Recive_demo.obj)

line level    source

   1          //  File Function: N76E885 demo 
   2          //********************************************************************************************************
             -***
   3          
   4          #include <stdio.h>
   5          #include "N76E003.h"
   6          #include "Define.h"
   7          #include "Common.h"
   8          #include "Delay.h"
   9          #include "SFR_Macro.h"
  10          #include "Function_define.h"
  11          #include "ex-int1.h"
  12          #include "time0.h"
  13          
  14          /******************************************************************************
  15          The main C function.  Program execution starts
  16          here after stack initialization.
  17          ******************************************************************************/
  18          void main (void) 
  19          {
  20   1          Set_All_GPIO_Quasi_Mode;
  21   1        
  22   1          time0_init();
  23   1          INT1_ISR_init();
  24   1          set_EA;
  25   1      
  26   1        //set_TR0;
  27   1        //Timer1_Delay1ms(1);
  28   1        
  29   1          while(1)
  30   1          {
  31   2              set_GPIO1;                        // Tiny board GPIO1 LED define in Common.h
  32   2          }
  33   1      }
  34          
  35          


MODULE INFORMATION:   STATIC OVERLAYABLE
   CODE SIZE        =     25    ----
   CONSTANT SIZE    =   ----    ----
   XDATA SIZE       =   ----    ----
   PDATA SIZE       =   ----    ----
   DATA SIZE        =   ----    ----
   IDATA SIZE       =   ----    ----
   BIT SIZE         =   ----    ----
END OF MODULE INFORMATION.


C51 COMPILATION COMPLETE.  0 WARNING(S),  0 ERROR(S)
