C51 COMPILER V9.00   TIME2                                                                 03/07/2017 14:19:36 PAGE 1   


C51 COMPILER V9.00, COMPILATION OF MODULE TIME2
OBJECT MODULE PLACED IN .\Objects\time2.obj
COMPILER INVOKED BY: C:\Keil_v5\C51\BIN\C51.EXE module\time2.c OPTIMIZE(8,SPEED) BROWSE INCDIR(.\include) DEFINE(FOSC_16
                    -0000) DEBUG OBJECTEXTEND PRINT(.\Listings\time2.lst) TABS(2) OBJECT(.\Objects\time2.obj)

line level    source

   1          #include <stdio.h>
   2          #include "N76E003.h"
   3          #include "Define.h"
   4          #include "Common.h"
   5          #include "Delay.h"
   6          #include "SFR_Macro.h"
   7          #include "Function_define.h"
   8          #include "time2.h"
   9          
  10          UINT32  T2_count=0;
  11          
  12          
  13          void time2_init(void)
  14          {
  15   1          TIMER2_DIV_4;
  16   1          TIMER2_Auto_Reload_Delay_Mode;
  17   1      
  18   1          RCMP2L = TIMER_DIV4_VALUE_100us;
  19   1          RCMP2H = TIMER_DIV4_VALUE_100us>>8;
  20   1          TL2 = 0;
  21   1          TH2 = 0;
  22   1          set_ET2;                                    // Enable Timer2 interrupt    
  23   1      }
  24          
  25          
  26          /*********************************************************************************************************
             -***
  27          *    Timer2 interrupt subroutine
  28          **********************************************************************************************************
             -**/
  29          void Timer2_ISR (void) interrupt 5
  30          {
  31   1          clr_TF2;                                //Clear Timer2 Interrupt Flag
  32   1          T2_count++;
  33   1      }


MODULE INFORMATION:   STATIC OVERLAYABLE
   CODE SIZE        =     62    ----
   CONSTANT SIZE    =   ----    ----
   XDATA SIZE       =   ----    ----
   PDATA SIZE       =   ----    ----
   DATA SIZE        =      4    ----
   IDATA SIZE       =   ----    ----
   BIT SIZE         =   ----    ----
END OF MODULE INFORMATION.


C51 COMPILATION COMPLETE.  0 WARNING(S),  0 ERROR(S)
