C51 COMPILER V9.00   TIME0                                                                 03/07/2017 17:02:02 PAGE 1   


C51 COMPILER V9.00, COMPILATION OF MODULE TIME0
OBJECT MODULE PLACED IN .\Objects\time0.obj
COMPILER INVOKED BY: C:\Keil_v5\C51\BIN\C51.EXE module\time0.c OPTIMIZE(8,SPEED) BROWSE INCDIR(.\include) DEFINE(FOSC_16
                    -0000) DEBUG OBJECTEXTEND PRINT(.\Listings\time0.lst) TABS(2) OBJECT(.\Objects\time0.obj)

line level    source

   1          #include <stdio.h>
   2          #include "N76E003.h"
   3          #include "Define.h"
   4          #include "Common.h"
   5          #include "Delay.h"
   6          #include "SFR_Macro.h"
   7          #include "Function_define.h"
   8          #include "time0.h"
   9          
  10          UINT32  T2_count=0;
  11          #define TH0_INIT        133                     //100us
  12          #define TL0_INIT        133
  13          
  14          UINT8 u8TH0_Tmp,u8TL0_Tmp;
  15          
  16          
  17          void time0_init(void)
  18          {
  19   1          TIMER0_MODE1_ENABLE;
  20   1          clr_T0M;                                    //1/12Fsys
  21   1          
  22   1          u8TH0_Tmp = (65536-TH0_INIT)/256;
  23   1          u8TL0_Tmp = (65536-TL0_INIT)%256;    
  24   1          
  25   1          TH0 = u8TH0_Tmp;
  26   1          TL0 = u8TL0_Tmp;  
  27   1          
  28   1          set_ET0;                                    //enable Timer0 interrupt
  29   1      }
  30          
  31          
  32          /*********************************************************************************************************
             -***
  33          *    Timer2 interrupt subroutine
  34          **********************************************************************************************************
             -**/
  35          void Timer0_ISR (void) interrupt 1
  36          {
  37   1          TH0 = u8TH0_Tmp;
  38   1          TL0 = u8TL0_Tmp;    
  39   1          T2_count++;
  40   1      }


MODULE INFORMATION:   STATIC OVERLAYABLE
   CODE SIZE        =     60    ----
   CONSTANT SIZE    =   ----    ----
   XDATA SIZE       =   ----    ----
   PDATA SIZE       =   ----    ----
   DATA SIZE        =      6    ----
   IDATA SIZE       =   ----    ----
   BIT SIZE         =   ----    ----
END OF MODULE INFORMATION.


C51 COMPILATION COMPLETE.  0 WARNING(S),  0 ERROR(S)
