Drill Listing
=============
Drill: .012  Tool: 1  Feed: 95  Speed: 300
X 142800  Y 286700
X 159600  Y 304800
X 137600  Y 310400
X 317500  Y 307100
X 325100  Y 306600
X 288300  Y 294400
X 324200  Y 280000
X 299600  Y 279400
X 288300  Y 146300
X 465800  Y 145200
X 503700  Y 278600
X 465800  Y 302100
X 506200  Y 307500
X 497900  Y 307600
X 654000  Y 302000
X 659900  Y 282000
X 656900  Y 144500
X 686300  Y 279500
X 677200  Y 305300
X 685200  Y 305400
X 841900  Y 282600

Drill: .031  Tool: 2  Feed: 197  Speed: 550
X 210795  Y 257779
X 201936  Y 286638
X 191936  Y 288606
X 181936  Y 290575
X 201936  Y 292543
X 191936  Y 294512
X 181936  Y 296480
X 201936  Y 298449
X 191936  Y 300417
X 181936  Y 302386
X 201936  Y 304354
X 191936  Y 306323
X 181936  Y 308291
X 210795  Y 317150
X 232448  Y 337150
X 226543  Y 337150
X 220637  Y 337150
X 214732  Y 337150
X 224574  Y 327150
X 218669  Y 327150
X 230480  Y 327150
X 212763  Y 327150
X 216700  Y 317150
X 228511  Y 317150
X 222606  Y 317150
X 220637  Y 277779
X 226543  Y 277779
X 214732  Y 277779
X 232448  Y 277779
X 212763  Y 267779
X 218669  Y 267779
X 230480  Y 267779
X 224574  Y 267779
X 228511  Y 257779
X 222606  Y 257779
X 216700  Y 257779
X 261307  Y 286638
X 251307  Y 288606
X 241622  Y 290575
X 261307  Y 292543
X 251307  Y 294512
X 241622  Y 296480
X 261307  Y 298449
X 251307  Y 300417
X 241622  Y 302386
X 261307  Y 304354
X 251307  Y 306323
X 241307  Y 308291
X 362936  Y 308291
X 372936  Y 306323
X 382936  Y 304354
X 362936  Y 302386
X 372936  Y 300417
X 382936  Y 298449
X 362936  Y 296480
X 372936  Y 294512
X 382936  Y 292543
X 362936  Y 290575
X 372936  Y 288606
X 382936  Y 286638
X 391795  Y 257779
X 397700  Y 257779
X 403606  Y 257779
X 409511  Y 257779
X 393763  Y 267779
X 399669  Y 267779
X 405574  Y 267779
X 411480  Y 267779
X 395732  Y 277779
X 401637  Y 277779
X 407543  Y 277779
X 403606  Y 317150
X 409511  Y 317150
X 391795  Y 317150
X 397700  Y 317150
X 393763  Y 327150
X 399669  Y 327150
X 405574  Y 327150
X 411480  Y 327150
X 395732  Y 337150
X 407543  Y 337150
X 401637  Y 337150
X 413448  Y 337150
X 422307  Y 308291
X 432307  Y 306323
X 442307  Y 304354
X 422622  Y 302386
X 432307  Y 300417
X 442307  Y 298449
X 422622  Y 296480
X 432307  Y 294512
X 442307  Y 292543
X 422622  Y 290575
X 432307  Y 288606
X 442307  Y 286638
X 413448  Y 277779
X 553936  Y 288606
X 543936  Y 290575
X 553936  Y 294512
X 543936  Y 296480
X 553936  Y 300417
X 543936  Y 302386
X 553936  Y 306323
X 543936  Y 308291
X 582637  Y 337150
X 576732  Y 337150
X 586574  Y 327150
X 580669  Y 327150
X 574763  Y 327150
X 584606  Y 317150
X 578700  Y 317150
X 572795  Y 317150
X 563936  Y 304354
X 563936  Y 298449
X 563936  Y 292543
X 563936  Y 286638
X 582637  Y 277779
X 576732  Y 277779
X 580669  Y 267779
X 586574  Y 267779
X 574763  Y 267779
X 584606  Y 257779
X 578700  Y 257779
X 572795  Y 257779
X 590511  Y 257779
X 592480  Y 267779
X 588543  Y 277779
X 594448  Y 277779
X 623307  Y 286638
X 613307  Y 288606
X 603622  Y 290575
X 623307  Y 292543
X 613307  Y 294512
X 603622  Y 296480
X 623307  Y 298449
X 613307  Y 300417
X 603622  Y 302386
X 623307  Y 304354
X 613307  Y 306323
X 603307  Y 308291
X 590511  Y 317150
X 592480  Y 327150
X 594448  Y 337150
X 588543  Y 337150
X 724936  Y 308291
X 734936  Y 306323
X 724936  Y 302386
X 734936  Y 300417
X 724936  Y 296480
X 734936  Y 294512
X 724936  Y 290575
X 734936  Y 288606
X 753795  Y 257779
X 759700  Y 257779
X 755763  Y 267779
X 761669  Y 267779
X 757732  Y 277779
X 744936  Y 286638
X 744936  Y 292543
X 744936  Y 298449
X 744936  Y 304354
X 759700  Y 317150
X 753795  Y 317150
X 755763  Y 327150
X 761669  Y 327150
X 757732  Y 337150
X 775448  Y 337150
X 769543  Y 337150
X 763637  Y 337150
X 767574  Y 327150
X 773480  Y 327150
X 771511  Y 317150
X 765606  Y 317150
X 784307  Y 308291
X 784622  Y 302386
X 784622  Y 296480
X 784622  Y 290575
X 775448  Y 277779
X 763637  Y 277779
X 769543  Y 277779
X 773480  Y 267779
X 767574  Y 267779
X 765606  Y 257779
X 771511  Y 257779
X 804307  Y 286638
X 794307  Y 288606
X 804307  Y 292543
X 794307  Y 294512
X 804307  Y 298449
X 794307  Y 300417
X 804307  Y 304354
X 794307  Y 306323

Drill: .035  Tool: 3  Feed: 197  Speed: 550
X 194000  Y 169000
X 250000  Y 169000
X 250000  Y 179000
X 194000  Y 179000
X 375000  Y 179000
X 431000  Y 179000
X 375000  Y 169000
X 431000  Y 169000
X 556000  Y 169000
X 612000  Y 169000
X 612000  Y 179000
X 556000  Y 179000
X 737000  Y 179000
X 737000  Y 169000
X 793000  Y 169000
X 793000  Y 179000

Drill: .04  Tool: 4  Feed: 139  Speed: 550
X 212000  Y 125000
X 202000  Y 125000
X 202000  Y 135000
X 212000  Y 135000
X 202000  Y 459000
X 212000  Y 459000
X 202000  Y 469000
X 212000  Y 469000
X 222000  Y 469000
X 232000  Y 469000
X 242000  Y 469000
X 222000  Y 459000
X 232000  Y 459000
X 242000  Y 459000
X 242000  Y 135000
X 232000  Y 135000
X 222000  Y 135000
X 242000  Y 125000
X 232000  Y 125000
X 222000  Y 125000
X 383000  Y 125000
X 383000  Y 135000
X 383000  Y 459000
X 383000  Y 469000
X 393000  Y 469000
X 403000  Y 469000
X 413000  Y 469000
X 423000  Y 469000
X 393000  Y 459000
X 403000  Y 459000
X 413000  Y 459000
X 423000  Y 459000
X 423000  Y 135000
X 413000  Y 135000
X 393000  Y 135000
X 403000  Y 135000
X 423000  Y 125000
X 413000  Y 125000
X 393000  Y 125000
X 403000  Y 125000
X 584000  Y 125000
X 574000  Y 125000
X 564000  Y 125000
X 584000  Y 135000
X 564000  Y 135000
X 574000  Y 135000
X 564000  Y 459000
X 574000  Y 459000
X 584000  Y 459000
X 574000  Y 469000
X 564000  Y 469000
X 584000  Y 469000
X 594000  Y 469000
X 604000  Y 469000
X 594000  Y 459000
X 604000  Y 459000
X 594000  Y 135000
X 604000  Y 135000
X 594000  Y 125000
X 604000  Y 125000
X 755000  Y 125000
X 745000  Y 125000
X 745000  Y 135000
X 755000  Y 135000
X 745000  Y 459000
X 755000  Y 459000
X 745000  Y 469000
X 755000  Y 469000
X 765000  Y 469000
X 775000  Y 469000
X 785000  Y 469000
X 765000  Y 459000
X 775000  Y 459000
X 785000  Y 459000
X 765000  Y 135000
X 775000  Y 135000
X 785000  Y 135000
X 765000  Y 125000
X 775000  Y 125000
X 785000  Y 125000

Drill: .126  Tool: 5  Feed: 35  Speed: 794
X 184220  Y 260063
X 259023  Y 260063
X 259023  Y 334866
X 184220  Y 334866
X 365220  Y 334866
X 365220  Y 260063
X 440023  Y 260063
X 546220  Y 260063
X 440023  Y 334866
X 546220  Y 334866
X 621023  Y 334866
X 727220  Y 334866
X 727220  Y 260063
X 621023  Y 260063
X 802023  Y 260063
X 802023  Y 334866

End of Listing
