C51 COMPILER V9.52.0.0   TIMER01_M3                                                        08/23/2016 10:00:50 PAGE 1   


C51 COMPILER V9.52.0.0, COMPILATION OF MODULE TIMER01_M3
OBJECT MODULE PLACED IN .\Output\Timer01_M3.obj
COMPILER INVOKED BY: C:\Keil\C51\BIN\C51.EXE Code\Timer01_M3.c BROWSE INCDIR(..\..\Include) DEFINE(FOSC_160000) DEBUG OB
                    -JECTEXTEND PRINT(.\LST\Timer01_M3.lst) TABS(2) OBJECT(.\Output\Timer01_M3.obj)

line level    source

   1          /*--------------------------------------------------------------------------------------------------------
             --*/
   2          /*                                                                                                        
             - */
   3          /* Copyright(c) 2016 Nuvoton Technology Corp. All rights reserved.                                        
             - */
   4          /*                                                                                                        
             - */
   5          /*--------------------------------------------------------------------------------------------------------
             --*/
   6          
   7          //********************************************************************************************************
             -***
   8          //  Nuvoton Technoledge Corp. 
   9          //  Website: http://www.nuvoton.com
  10          //  E-Mail : MicroC-8bit@nuvoton.com
  11          //  Date   : Apr/21/2016
  12          //********************************************************************************************************
             -***
  13          
  14          //********************************************************************************************************
             -***
  15          //  File Function: N76E003 Timer0/1 Mode3 demo code
  16          //********************************************************************************************************
             -***
  17          #include <stdio.h>
  18          #include "N76E003.h"
  19          #include "Define.h"
  20          #include "Common.h"
  21          #include "Delay.h"
  22          #include "SFR_Macro.h"
  23          #include "Function_define.h"
  24          
  25          //*****************  The Following is in define in Fucntion_define.h  ***************************
  26          //****** Always include Function_define.h call the define you want, detail see main(void) *******
  27          //***********************************************************************************************
  28          #if 0
              //#define   TIMER0_MODE0_ENABLE   TMOD&=0x0F
              //#define   TIMER0_MODE1_ENABLE   TMOD&=0x0F;TMOD|=0x10
              //#define   TIMER0_MODE2_ENABLE   TMOD&=0x0F;TMOD|=0x20
              //#define   TIMER0_MODE3_ENABLE   TMOD&=0x0F;TMOD|=0x3F
              
              //#define   TIMER1_MODE0_ENABLE   TMOD&=0xF0
              //#define   TIMER1_MODE1_ENABLE   TMOD&=0xF0;TMOD|=0x01
              //#define   TIMER1_MODE2_ENABLE   TMOD&=0xF0;TMOD|=0x02
              //#define   TIMER1_MODE3_ENABLE   TMOD&=0xF0;TMOD|=0xF3
              #endif
  39          
  40          #define TH0_INIT        (256-100)
  41          #define TL0_INIT        (256-50)
  42          #define TH1_INIT        0x00
  43          #define TL1_INIT        0x00
  44          
  45          /*********************************************************************************************************
C51 COMPILER V9.52.0.0   TIMER01_M3                                                        08/23/2016 10:00:50 PAGE 2   

             -***
  46          *    TIMER 0 interrupt subroutine
  47          **********************************************************************************************************
             -**/
  48          void Timer0_ISR (void) interrupt 1              // interrupt address is 0x000B
  49          {              
  50   1          TL0 = TL0_INIT;                             // reload by software    
  51   1          P12 = ~P12;                                 // GPIO1 toggle when interrupt
  52   1      }
  53          
  54          /*********************************************************************************************************
             -***
  55          *    TIMER 1 interrupt subroutine
  56          **********************************************************************************************************
             -**/
  57          void Timer1_ISR (void) interrupt 3              //interrupt address is 0x001B
  58          {           
  59   1          TH0 = TH0_INIT;
  60   1          P11 = ~P11;                                 //P1.1 toggle when interrupt
  61   1      }
  62          
  63          /*********************************************************************************************************
             -***
  64          *    Main function 
  65          **********************************************************************************************************
             -**/
  66          void main (void)
  67          {
  68   1         
  69   1          Set_All_GPIO_Quasi_Mode;
  70   1          TIMER0_MODE3_ENABLE;
  71   1          TIMER1_MODE3_ENABLE;
  72   1          
  73   1          TH0 = TH0_INIT;                             //initial counter values 
  74   1          TL0 = TL0_INIT;    
  75   1          TH1 = TH1_INIT;
  76   1          TL1 = TL1_INIT;    
  77   1          
  78   1          set_ET0;                                    //enable Timer0 counter interrupt
  79   1          set_ET1;                                    //enable Timer1 counter interrupt
  80   1          set_EA;                                     //enable interrupts
  81   1          set_TR0;                                    //Timer0 run
  82   1          set_TR1;                                    //Timer1 run
  83   1          
  84   1          while(1)
  85   1          {
  86   2              P1 = TH1;                               //for Timer 1 has no interrupt while Timer 0 in mode 3, sh
             -ow on ports
  87   2              P2 = TL1;
  88   2          }
  89   1      }
  90          


MODULE INFORMATION:   STATIC OVERLAYABLE
   CODE SIZE        =     65    ----
   CONSTANT SIZE    =   ----    ----
   XDATA SIZE       =   ----    ----
   PDATA SIZE       =   ----    ----
   DATA SIZE        =   ----    ----
   IDATA SIZE       =   ----    ----
   BIT SIZE         =   ----    ----
C51 COMPILER V9.52.0.0   TIMER01_M3                                                        08/23/2016 10:00:50 PAGE 3   

END OF MODULE INFORMATION.


C51 COMPILATION COMPLETE.  0 WARNING(S),  0 ERROR(S)
