C51 COMPILER V9.52.0.0   UID_CHECK                                                         07/26/2016 18:18:20 PAGE 1   


C51 COMPILER V9.52.0.0, COMPILATION OF MODULE UID_CHECK
OBJECT MODULE PLACED IN .\Output\UID_check.obj
COMPILER INVOKED BY: C:\Keil\C51\BIN\C51.EXE Code\UID_check.C BROWSE INCDIR(..\..\Common;..\..\Include) DEFINE(FOSC_1600
                    -00) DEBUG OBJECTEXTEND PRINT(.\List\UID_check.lst) TABS(2) OBJECT(.\Output\UID_check.obj)

line level    source

   1          #include <stdio.h>
   2          #include "N76E003.h"
   3          #include "Define.h"
   4          #include "Common.h"
   5          #include "Delay.h"
   6          #include "SFR_Macro.h"
   7          #include "Function_define.h"
   8          
   9          UINT8 UID_BYTE(UINT8 Addr)
  10          {
  11   1          UINT8 DATATEMP;
  12   1          set_IAPEN;
  13   1          IAPAL = Addr;
  14   1          IAPAH = 0x00;
  15   1          IAPCN = READ_UID;
  16   1          set_IAPGO;
  17   1          DATATEMP = IAPFD;
  18   1          clr_IAPEN;
  19   1          return DATATEMP;
  20   1      }
  21          
  22          void main(void)
  23          {
  24   1        UINT8 READ1,READ2;
  25   1        Set_All_GPIO_Quasi_Mode;
  26   1      //---------toggle GPIO1---------  
  27   1        clr_GPIO1;
  28   1        Timer0_Delay1ms(100);
  29   1        set_GPIO1;
  30   1        Timer0_Delay1ms(100);
  31   1        clr_GPIO1;
  32   1        Timer0_Delay1ms(100);
  33   1        set_GPIO1;
  34   1        Timer0_Delay1ms(100);
  35   1      //---------end toggle GPIO1---------
  36   1        
  37   1        READ1 = UID_BYTE(0x02);
  38   1        READ2 = UID_BYTE(0x05);
  39   1        while(1);
  40   1      
  41   1      }


MODULE INFORMATION:   STATIC OVERLAYABLE
   CODE SIZE        =    150    ----
   CONSTANT SIZE    =   ----    ----
   XDATA SIZE       =   ----    ----
   PDATA SIZE       =   ----    ----
   DATA SIZE        =   ----       2
   IDATA SIZE       =   ----    ----
   BIT SIZE         =   ----    ----
END OF MODULE INFORMATION.


C51 COMPILATION COMPLETE.  0 WARNING(S),  0 ERROR(S)
