C51 COMPILER V9.00   DELAY                                                                 04/13/2017 11:08:01 PAGE 1   


C51 COMPILER V9.00, COMPILATION OF MODULE DELAY
OBJECT MODULE PLACED IN .\Output\Delay.obj
COMPILER INVOKED BY: C:\Keil_v5\C51\BIN\C51.EXE src\Delay.c OPTIMIZE(8,SPEED) BROWSE INCDIR(.\src;.\include) DEFINE(FOSC
                    -_160000) DEBUG OBJECTEXTEND PRINT(.\Listings\Delay.lst) OBJECT(.\Output\Delay.obj)

line level    source

   1          /*--------------------------------------------------------------------------------------------------------
             --*/
   2          /*                                                                                                        
             - */
   3          /* Copyright(c) 2016 Nuvoton Technology Corp. All rights reserved.                                        
             - */
   4          /*                                                                                                        
             - */
   5          /*--------------------------------------------------------------------------------------------------------
             --*/
   6          
   7          //********************************************************************************************************
             -***
   8          //  Nuvoton Technoledge Corp. 
   9          //  Website: http://www.nuvoton.com
  10          //  E-Mail : MicroC-8bit@nuvoton.com
  11          //  Date   : Apr/21/2016
  12          //********************************************************************************************************
             -***
  13          
  14          #include "N76E003.h"
  15          #include "Define.h"
  16          #include "Common.h"
  17          #include "Delay.h"
  18          #include "SFR_Macro.h"
  19          #include "Function_define.h"
  20          bit BIT_TMP;
  21          
  22          void __delay_10ms( UINT16 u16CNT )              //@16MHz
  23          {
  24   1                      UINT16 j;
  25   1                      while(u16CNT != 0)
  26   1                      {
  27   2                                      for(j=0;j<14420;j++);
  28   2                                      u16CNT --;
  29   2                      }
  30   1      }
  31          #if 0
              //-------------------------------------------------------------------------
              void Delay10us(UINT16 u16CNT)
              {
                  clr_T0M;                                //T0M=0, Timer0 Clock = Fsys/12
                  TMOD |= 0x01;                           //Timer0 is 16-bit mode
                  set_TR0;                                //Trigger Timer0
                  while (u16CNT != 0)
                  {
                      TL0 = LOBYTE(TIMER_DIV12_VALUE_10us);   
                      TH0 = HIBYTE(TIMER_DIV12_VALUE_10us);
                      while (TF0 != 1);                   //Check Timer0 Time-Out Flag
                      clr_TF0;
                      u16CNT --;
                  }
                  clr_TR0;                                //Stop the Timer0
              }
C51 COMPILER V9.00   DELAY                                                                 04/13/2017 11:08:01 PAGE 2   

              //------------------------------------------------------------------------------
              void Timer0_Delay1ms(UINT32 u32CNT)
              {
                  clr_T0M;                                //T0M=0, Timer0 Clock = Fsys/12
                  TMOD |= 0x01;                           //Timer0 is 16-bit mode
                  set_TR0;                                //Trigger Timer0
                  while (u32CNT != 0)
                  {
                      TL0 = LOBYTE(TIMER_DIV12_VALUE_1ms); 
                      TH0 = HIBYTE(TIMER_DIV12_VALUE_1ms);
                      while (TF0 != 1);                   //Check Timer0 Time-Out Flag
                      clr_TF0;
                      u32CNT --;
                  }
                  clr_TR0;                                //Stop the Timer0
              }
              //------------------------------------------------------------------------------
              void Timer1_Delay1ms(UINT32 u32CNT)
              {
                  clr_T1M;                                //T1M=0, Timer1 Clock = Fsys/12
                  TMOD |= 0x10;                           //Timer1 is 16-bit mode
                  set_TR1;                                //Trigger Timer1
                  while (u32CNT != 0)
                  {
                      TL1 = LOBYTE(TIMER_DIV12_VALUE_1ms); 
                      TH1 = HIBYTE(TIMER_DIV12_VALUE_1ms);
                      while (TF1 != 1);                   //Check Timer1 Time-Out Flag
                      clr_TF1;
                      u32CNT --;
                  }
                  clr_TR1;                                //Stop the Timer1
              }
              //------------------------------------------------------------------------------
              void Timer2_Delay1ms(UINT32 u32CNT)
              {
                  /*                                      //Timer2 Clock = Fsys/4 */
                  clr_T2DIV2;
                  clr_T2DIV1;
                  set_T2DIV0;
                  set_TR2;                                //Trigger Timer2
                  while (u32CNT != 0)
                  {
                      TL2 = LOBYTE(TIMER_DIV4_VALUE_1ms); 
                      TH2 = HIBYTE(TIMER_DIV4_VALUE_1ms);
                      while (TF2 != 1);                   //Check Timer2 Time-Out Flag
                      clr_TF2;
                      u32CNT --;
                  }
                  TR2 =0 ;                                //Stop the Timer2
              }
              //------------------------------------------------------------------------------
              void Timer3_Delay1ms(UINT32 u32CNT)
              {
                  T3CON = 0x02;                           //Timer3 Clock = Fsys/4
                  set_TR3;                                //Trigger Timer3
                  while (u32CNT != 0)
                  {
                      RL3 = LOBYTE(TIMER_DIV4_VALUE_1ms); 
                      RH3 = HIBYTE(TIMER_DIV4_VALUE_1ms);
                      while ((T3CON&SET_BIT4) != SET_BIT4);//Check Timer3 Time-Out Flag
                      clr_TF3;
                      u32CNT --;
C51 COMPILER V9.00   DELAY                                                                 04/13/2017 11:08:01 PAGE 3   

                  }
                  clr_TR3;                                //Stop the Timer3
              }
              
              #endif


MODULE INFORMATION:   STATIC OVERLAYABLE
   CODE SIZE        =     26    ----
   CONSTANT SIZE    =   ----    ----
   XDATA SIZE       =   ----    ----
   PDATA SIZE       =   ----    ----
   DATA SIZE        =   ----    ----
   IDATA SIZE       =   ----    ----
   BIT SIZE         =      1    ----
END OF MODULE INFORMATION.


C51 COMPILATION COMPLETE.  0 WARNING(S),  0 ERROR(S)
