C51 COMPILER V9.00   MAIN                                                                  04/08/2017 10:06:31 PAGE 1   


C51 COMPILER V9.00, COMPILATION OF MODULE MAIN
OBJECT MODULE PLACED IN .\Output\main.obj
COMPILER INVOKED BY: C:\Keil_v5\C51\BIN\C51.EXE src\main.c OPTIMIZE(8,SPEED) BROWSE INCDIR(.\include) DEFINE(FOSC_160000
                    -) DEBUG OBJECTEXTEND PRINT(.\Listings\main.lst) OBJECT(.\Output\main.obj)

line level    source

   1          
   2          #include <stdio.h>
   3          #include "N76E003.h"
   4          #include "Define.h"
   5          #include "Common.h"
   6          #include "Delay.h"
   7          #include "SFR_Macro.h"
   8          #include "Function_define.h"
   9          
  10          void main (void) 
  11          {
  12   1      //      Set_All_GPIO_Quasi_Mode;                                        // Define in Function_define.h
  13   1      //      InitialUART0_Timer1(115200);
  14   1              set_CLOEN;  
  15   1              P12_PushPull_Mode;
  16   1              P00_PushPull_Mode;
  17   1              P01_PushPull_Mode;
  18   1        while(1)
  19   1        {
  20   2      //        clr_GPIO1;                                                                                            // Tiny board GPIO1 LED define in Common.h
  21   2      //        Timer3_Delay1ms(300);
  22   2      //              P00 = 1;
  23   2      //              P01 = 1;      
  24   2                set_GPIO1;
  25   2      //                              Timer3_Delay1ms(300);
  26   2      //                              Send_Data_To_UART0(0x44);
  27   2        }
  28   1      }


MODULE INFORMATION:   STATIC OVERLAYABLE
   CODE SIZE        =     25    ----
   CONSTANT SIZE    =   ----    ----
   XDATA SIZE       =   ----    ----
   PDATA SIZE       =   ----    ----
   DATA SIZE        =   ----    ----
   IDATA SIZE       =   ----    ----
   BIT SIZE         =   ----    ----
END OF MODULE INFORMATION.


C51 COMPILATION COMPLETE.  0 WARNING(S),  0 ERROR(S)
