C51 COMPILER V9.00   SYSINIT                                                               04/11/2017 15:05:42 PAGE 1   


C51 COMPILER V9.00, COMPILATION OF MODULE SYSINIT
OBJECT MODULE PLACED IN .\Output\sysInit.obj
COMPILER INVOKED BY: C:\Keil_v5\C51\BIN\C51.EXE src\sysInit.c OPTIMIZE(8,SPEED) BROWSE INCDIR(.\src;.\include) DEFINE(FO
                    -SC_160000) DEBUG OBJECTEXTEND PRINT(.\Listings\sysInit.lst) OBJECT(.\Output\sysInit.obj)

line level    source

   1          #include "sysInit.h"
   2          
   3          void    sys_init(void)
   4          {
   5   1              SetSysClock();
   6   1              gpio_init();
   7   1              timer0_init();
   8   1              timer1_init();
   9   1              adc_init();
  10   1      //      Enable_ADC_AIN0;
  11   1      }
  12          
  13          void    SetSysClock(void)
  14          {
  15   1              CKSWT = 0x30;
  16   1              CKEN  = 0x30;
  17   1      }
  18          
  19          void gpio_init(void)
  20          {
  21   1              P00_PushPull_Mode;
  22   1              P01_PushPull_Mode;
  23   1              P03_PushPull_Mode;
  24   1      //      P04_PushPull_Mode;
  25   1              P04_Input_Mode;
  26   1              P05_Input_Mode;
  27   1              P06_Input_Mode;
  28   1              P07_Input_Mode;
  29   1              P10_PushPull_Mode;
  30   1              P11_PushPull_Mode;
  31   1              P12_PushPull_Mode;
  32   1              P13_PushPull_Mode;
  33   1              P14_PushPull_Mode;
  34   1              P17_Input_Mode;
  35   1              P30_PushPull_Mode;
  36   1              
  37   1      //      BAT_DET         
  38   1      
  39   1              LOW_BAT_NOTIFY  = 0;
  40   1              ST_BY = 0;                      
  41   1              BT_POWER = 0;           
  42   1      //      BT_DET                  
  43   1      
  44   1      //      GPIO1           
  45   1      //      GPIO2           
  46   1      //      GPIO3           
  47   1      
  48   1              PLAY = 0;       
  49   1              REV = 0;                        
  50   1              FWD = 0;                        
  51   1              VOL_UP = 0;             
  52   1              VOL_DOWN = 0;   
  53   1              PAIR = 0;               
  54   1      }
C51 COMPILER V9.00   SYSINIT                                                               04/11/2017 15:05:42 PAGE 2   

  55          
  56          //void  time0_init(void)
  57          //{
  58          //      TIMER0_MODE1_ENABLE;
  59          //      u8TH0_Tmp = (65536-TH0_INIT)/256;
  60          //    u8TL0_Tmp = (65536-TL0_INIT)%256;
  61          //      TH0 = u8TH0_Tmp;
  62          //    TL0 = u8TL0_Tmp;
  63          //      set_ET0;
  64          //}
  65          
  66          //void  adc_init(void)
  67          //{
  68          //      Enable_ADC_AIN0;
  69          //}


MODULE INFORMATION:   STATIC OVERLAYABLE
   CODE SIZE        =    125    ----
   CONSTANT SIZE    =   ----    ----
   XDATA SIZE       =   ----    ----
   PDATA SIZE       =   ----    ----
   DATA SIZE        =   ----    ----
   IDATA SIZE       =   ----    ----
   BIT SIZE         =   ----    ----
END OF MODULE INFORMATION.


C51 COMPILATION COMPLETE.  0 WARNING(S),  0 ERROR(S)
