C51 COMPILER V9.00   TIME1                                                                 04/11/2017 15:05:43 PAGE 1   


C51 COMPILER V9.00, COMPILATION OF MODULE TIME1
OBJECT MODULE PLACED IN .\Output\time1.obj
COMPILER INVOKED BY: C:\Keil_v5\C51\BIN\C51.EXE src\time1.c OPTIMIZE(8,SPEED) BROWSE INCDIR(.\src;.\include) DEFINE(FOSC
                    -_160000) DEBUG OBJECTEXTEND PRINT(.\Listings\time1.lst) OBJECT(.\Output\time1.obj)

line level    source

   1          #include        "time1.h"
   2          
   3          #define TH1_INIT_1ms    13290
   4          #define TL1_INIT_1ms    13290
   5          #define u8TH1_Tmp_1ms   (65536-TH1_INIT_1ms)/256
   6          #define u8TL1_Tmp_1ms   (65536-TL1_INIT_1ms)%256
   7          
   8          //UINT8 u8TH1_Tmp_1ms,u8TL1_Tmp_1ms;
   9          bit             minute_1_flag = 0;
  10          UINT16  count = 0;
  11          
  12          void timer1_init(void)
  13          {
  14   1              set_T1M;                //ÏµÍ³Ê±ÖÓ
  15   1      //      u8TH1_Tmp_1ms = (65536-TH1_INIT_1ms)/256;
  16   1      //      u8TL1_Tmp_1ms = (65536-TL1_INIT_1ms)%256;
  17   1              TH1 = u8TH1_Tmp_1ms;
  18   1          TL1 = u8TL1_Tmp_1ms;
  19   1              set_ET1;
  20   1      }
  21          
  22          void Timer1_ISR (void) interrupt 3 
  23          {
  24   1              TH1 = u8TH1_Tmp_1ms;
  25   1          TL1 = u8TL1_Tmp_1ms;
  26   1              count++;
  27   1              if(count>10000)
  28   1              {
  29   2                      minute_1_flag = 1;
  30   2                      count = 0;
  31   2              }
  32   1      }


MODULE INFORMATION:   STATIC OVERLAYABLE
   CODE SIZE        =     52    ----
   CONSTANT SIZE    =   ----    ----
   XDATA SIZE       =   ----    ----
   PDATA SIZE       =   ----    ----
   DATA SIZE        =      2    ----
   IDATA SIZE       =   ----    ----
   BIT SIZE         =      1    ----
END OF MODULE INFORMATION.


C51 COMPILATION COMPLETE.  0 WARNING(S),  0 ERROR(S)
